[2024-04-26 16:27:10]--[src_cgi/login_cgi.c:288]--buf = {
    "pwd": "e10adc3949ba59abbe56e057f20f883e",
    "user": "dragon"
}

[2024-04-26 16:27:10]--[src_cgi/login_cgi.c:295]--user = dragon, pwd = e10adc3949ba59abbe56e057f20f883e
[2024-04-26 16:27:10]--[src_cgi/login_cgi.c:101]--mysql_user = root, mysql_pwd = 15774756186, mysql_db = cloud_disk
[2024-04-26 16:27:10]--[src_cgi/login_cgi.c:161]--redis:[ip=127.0.0.1,port=6379]
[2024-04-26 16:27:10]--[src_cgi/login_cgi.c:185]--tmp = dragon878343933369
[2024-04-26 16:27:10]--[src_cgi/login_cgi.c:201]--base64 = Lb8d5jYD3WLDqZDCh7JgcLfbo34/czX8
[2024-04-26 16:27:10]--[src_cgi/login_cgi.c:304]--token = ba48fab70d6df2ca68492cdced9bb228
[2024-04-26 16:27:37]--[src_cgi/login_cgi.c:288]--buf = {
    "pwd": "e10adc3949ba59abbe56e057f20f883e",
    "user": "dragon"
}

[2024-04-26 16:27:37]--[src_cgi/login_cgi.c:295]--user = dragon, pwd = e10adc3949ba59abbe56e057f20f883e
[2024-04-26 16:27:37]--[src_cgi/login_cgi.c:101]--mysql_user = root, mysql_pwd = 15774756186, mysql_db = cloud_disk
[2024-04-26 16:27:37]--[src_cgi/login_cgi.c:161]--redis:[ip=127.0.0.1,port=6379]
[2024-04-26 16:27:37]--[src_cgi/login_cgi.c:185]--tmp = dragon801763510359
[2024-04-26 16:27:37]--[src_cgi/login_cgi.c:201]--base64 = /lk8/oi2q9I14oBOKWj5T/UjFcEm726A
[2024-04-26 16:27:37]--[src_cgi/login_cgi.c:304]--token = e0cd25b22c99f9510fd4b4682810869a
[2024-04-26 16:36:06]--[src_cgi/login_cgi.c:288]--buf = {
    "pwd": "e10adc3949ba59abbe56e057f20f883e",
    "user": "dragon"
}

[2024-04-26 16:36:06]--[src_cgi/login_cgi.c:295]--user = dragon, pwd = e10adc3949ba59abbe56e057f20f883e
[2024-04-26 16:36:06]--[src_cgi/login_cgi.c:101]--mysql_user = root, mysql_pwd = 15774756186, mysql_db = cloud_disk
[2024-04-26 16:36:06]--[src_cgi/login_cgi.c:161]--redis:[ip=127.0.0.1,port=6379]
[2024-04-26 16:36:06]--[src_cgi/login_cgi.c:185]--tmp = dragon8895546821
[2024-04-26 16:36:06]--[src_cgi/login_cgi.c:201]--base64 = 4BThl87Kj8QreRX/TRXjTC0ZxLNK7pNJ
[2024-04-26 16:36:06]--[src_cgi/login_cgi.c:304]--token = bcd1b30cd8476100f3c776d948501960
[2024-04-26 16:39:00]--[src_cgi/login_cgi.c:288]--buf = {
    "pwd": "e10adc3949ba59abbe56e057f20f883e",
    "user": "dragon"
}

[2024-04-26 16:39:00]--[src_cgi/login_cgi.c:295]--user = dragon, pwd = e10adc3949ba59abbe56e057f20f883e
[2024-04-26 16:39:00]--[src_cgi/login_cgi.c:101]--mysql_user = root, mysql_pwd = 15774756186, mysql_db = cloud_disk
[2024-04-26 16:39:00]--[src_cgi/login_cgi.c:161]--redis:[ip=127.0.0.1,port=6379]
[2024-04-26 16:39:00]--[src_cgi/login_cgi.c:185]--tmp = dragon255559175956
[2024-04-26 16:39:00]--[src_cgi/login_cgi.c:201]--base64 = OKYny+mWaOjoPP8Z+/GR8NhGzRVlNC3/
[2024-04-26 16:39:00]--[src_cgi/login_cgi.c:304]--token = fb605c35a6d6a0e45a71f2913589bd52
[2024-04-26 16:40:37]--[src_cgi/login_cgi.c:288]--buf = {
    "pwd": "e10adc3949ba59abbe56e057f20f883e",
    "user": "dragon"
}

[2024-04-26 16:40:37]--[src_cgi/login_cgi.c:295]--user = dragon, pwd = e10adc3949ba59abbe56e057f20f883e
[2024-04-26 16:40:37]--[src_cgi/login_cgi.c:101]--mysql_user = root, mysql_pwd = 15774756186, mysql_db = cloud_disk
[2024-04-26 16:40:37]--[src_cgi/login_cgi.c:161]--redis:[ip=127.0.0.1,port=6379]
[2024-04-26 16:40:37]--[src_cgi/login_cgi.c:185]--tmp = dragon492290798243
[2024-04-26 16:40:37]--[src_cgi/login_cgi.c:201]--base64 = 4C1oejuOoHOkZmA7Lb5exIZwIaC0fVTv
[2024-04-26 16:40:37]--[src_cgi/login_cgi.c:304]--token = 33fcdfbc0a38453b27a3b3bf50bb46c2
[2024-04-26 16:41:12]--[src_cgi/login_cgi.c:288]--buf = {
    "pwd": "e10adc3949ba59abbe56e057f20f883e",
    "user": "dragon"
}

[2024-04-26 16:41:12]--[src_cgi/login_cgi.c:295]--user = dragon, pwd = e10adc3949ba59abbe56e057f20f883e
[2024-04-26 16:41:12]--[src_cgi/login_cgi.c:101]--mysql_user = root, mysql_pwd = 15774756186, mysql_db = cloud_disk
[2024-04-26 16:41:12]--[src_cgi/login_cgi.c:161]--redis:[ip=127.0.0.1,port=6379]
[2024-04-26 16:41:12]--[src_cgi/login_cgi.c:185]--tmp = dragon6162022760
[2024-04-26 16:41:12]--[src_cgi/login_cgi.c:201]--base64 = /XDLh+JRNQkaM7s37C8dNi0ZxLNK7pNJ
[2024-04-26 16:41:12]--[src_cgi/login_cgi.c:304]--token = f1da4b9c80d9ae535c7d7c00144eba63
[2024-04-26 16:45:28]--[src_cgi/login_cgi.c:288]--buf = {
    "pwd": "e10adc3949ba59abbe56e057f20f883e",
    "user": "dragon"
}

[2024-04-26 16:45:28]--[src_cgi/login_cgi.c:295]--user = dragon, pwd = e10adc3949ba59abbe56e057f20f883e
[2024-04-26 16:45:28]--[src_cgi/login_cgi.c:101]--mysql_user = root, mysql_pwd = 15774756186, mysql_db = cloud_disk
[2024-04-26 16:45:28]--[src_cgi/login_cgi.c:161]--redis:[ip=127.0.0.1,port=6379]
[2024-04-26 16:45:28]--[src_cgi/login_cgi.c:185]--tmp = dragon230989797277
[2024-04-26 16:45:28]--[src_cgi/login_cgi.c:201]--base64 = Z2/0cWHcizRm0Z9fUypMJJFNToLc4xQW
[2024-04-26 16:45:28]--[src_cgi/login_cgi.c:304]--token = 1b78e5558eb4a1b70e26ae3316b58f39
[2024-04-26 16:48:19]--[src_cgi/login_cgi.c:288]--buf = {
    "pwd": "e10adc3949ba59abbe56e057f20f883e",
    "user": "dragon"
}

[2024-04-26 16:48:19]--[src_cgi/login_cgi.c:295]--user = dragon, pwd = e10adc3949ba59abbe56e057f20f883e
[2024-04-26 16:48:19]--[src_cgi/login_cgi.c:101]--mysql_user = root, mysql_pwd = 15774756186, mysql_db = cloud_disk
[2024-04-26 16:48:19]--[src_cgi/login_cgi.c:161]--redis:[ip=127.0.0.1,port=6379]
[2024-04-26 16:48:19]--[src_cgi/login_cgi.c:185]--tmp = dragon606754608689
[2024-04-26 16:48:19]--[src_cgi/login_cgi.c:201]--base64 = dxNSAcIbyyvXekRAykXUO5rmzKC1fzvo
[2024-04-26 16:48:19]--[src_cgi/login_cgi.c:304]--token = f73be3c7accc702da86735efefc355db
[2024-04-26 16:52:01]--[src_cgi/login_cgi.c:288]--buf = {
    "pwd": "e10adc3949ba59abbe56e057f20f883e",
    "user": "dragon"
}

[2024-04-26 16:52:01]--[src_cgi/login_cgi.c:295]--user = dragon, pwd = e10adc3949ba59abbe56e057f20f883e
[2024-04-26 16:52:01]--[src_cgi/login_cgi.c:101]--mysql_user = root, mysql_pwd = 15774756186, mysql_db = cloud_disk
[2024-04-26 16:52:01]--[src_cgi/login_cgi.c:161]--redis:[ip=127.0.0.1,port=6379]
[2024-04-26 16:52:01]--[src_cgi/login_cgi.c:185]--tmp = dragon21340544846
[2024-04-26 16:52:01]--[src_cgi/login_cgi.c:201]--base64 = 9ZeGljjB0/US4IVjiPQmwOwb1egIr+tu
[2024-04-26 16:52:01]--[src_cgi/login_cgi.c:304]--token = 39c0eb05789b37559215f52711cd8c6c
[2024-04-26 16:53:17]--[src_cgi/login_cgi.c:288]--buf = {
    "pwd": "e10adc3949ba59abbe56e057f20f883e",
    "user": "dragon"
}

[2024-04-26 16:53:17]--[src_cgi/login_cgi.c:295]--user = dragon, pwd = e10adc3949ba59abbe56e057f20f883e
[2024-04-26 16:53:17]--[src_cgi/login_cgi.c:101]--mysql_user = root, mysql_pwd = 15774756186, mysql_db = cloud_disk
[2024-04-26 16:53:17]--[src_cgi/login_cgi.c:161]--redis:[ip=127.0.0.1,port=6379]
[2024-04-26 16:53:17]--[src_cgi/login_cgi.c:185]--tmp = dragon198543302678
[2024-04-26 16:53:17]--[src_cgi/login_cgi.c:201]--base64 = GdjrnDHPTiYx5M7cKRgtoobJGvY4z6P8
[2024-04-26 16:53:17]--[src_cgi/login_cgi.c:304]--token = 13c8b80711e4da6d9ee2def5a2446f0d
[2024-04-26 16:53:31]--[src_cgi/login_cgi.c:288]--buf = {
    "pwd": "e10adc3949ba59abbe56e057f20f883e",
    "user": "dragon"
}

[2024-04-26 16:53:31]--[src_cgi/login_cgi.c:295]--user = dragon, pwd = e10adc3949ba59abbe56e057f20f883e
[2024-04-26 16:53:31]--[src_cgi/login_cgi.c:101]--mysql_user = root, mysql_pwd = 15774756186, mysql_db = cloud_disk
[2024-04-26 16:53:31]--[src_cgi/login_cgi.c:161]--redis:[ip=127.0.0.1,port=6379]
[2024-04-26 16:53:31]--[src_cgi/login_cgi.c:185]--tmp = dragon615143497682
[2024-04-26 16:53:31]--[src_cgi/login_cgi.c:201]--base64 = /XDLh+JRNQnVFBi9S9MwVVsiDMuf5YxZ
[2024-04-26 16:53:31]--[src_cgi/login_cgi.c:304]--token = 9524603d3d580fcd586228b7cea20492
[2024-04-26 16:53:34]--[src_cgi/login_cgi.c:288]--buf = {
    "pwd": "e10adc3949ba59abbe56e057f20f883e",
    "user": "dragon"
}

[2024-04-26 16:53:34]--[src_cgi/login_cgi.c:295]--user = dragon, pwd = e10adc3949ba59abbe56e057f20f883e
[2024-04-26 16:53:34]--[src_cgi/login_cgi.c:101]--mysql_user = root, mysql_pwd = 15774756186, mysql_db = cloud_disk
[2024-04-26 16:53:34]--[src_cgi/login_cgi.c:161]--redis:[ip=127.0.0.1,port=6379]
[2024-04-26 16:53:34]--[src_cgi/login_cgi.c:185]--tmp = dragon140951258163
[2024-04-26 16:53:34]--[src_cgi/login_cgi.c:201]--base64 = GkryBda2+xHs0xjVeQkjNrWCdmo+rLmr
[2024-04-26 16:53:34]--[src_cgi/login_cgi.c:304]--token = ac59c5ef01b3ff091ef71699b745f476
[2024-04-26 16:54:28]--[src_cgi/login_cgi.c:288]--buf = {
    "pwd": "e10adc3949ba59abbe56e057f20f883e",
    "user": "dragon"
}

[2024-04-26 16:54:28]--[src_cgi/login_cgi.c:295]--user = dragon, pwd = e10adc3949ba59abbe56e057f20f883e
[2024-04-26 16:54:28]--[src_cgi/login_cgi.c:101]--mysql_user = root, mysql_pwd = 15774756186, mysql_db = cloud_disk
[2024-04-26 16:54:28]--[src_cgi/login_cgi.c:161]--redis:[ip=127.0.0.1,port=6379]
[2024-04-26 16:54:28]--[src_cgi/login_cgi.c:185]--tmp = dragon8922371152
[2024-04-26 16:54:28]--[src_cgi/login_cgi.c:201]--base64 = OoxqmCI4C6QmIjQS8RvmWS0ZxLNK7pNJ
[2024-04-26 16:54:28]--[src_cgi/login_cgi.c:304]--token = 1cce264976c6f8b9f0d3ed00913f5d26
[2024-04-26 16:56:55]--[src_cgi/login_cgi.c:288]--buf = {
    "pwd": "e10adc3949ba59abbe56e057f20f883e",
    "user": "dragon"
}

[2024-04-26 16:56:55]--[src_cgi/login_cgi.c:295]--user = dragon, pwd = e10adc3949ba59abbe56e057f20f883e
[2024-04-26 16:56:55]--[src_cgi/login_cgi.c:101]--mysql_user = root, mysql_pwd = 15774756186, mysql_db = cloud_disk
[2024-04-26 16:56:55]--[src_cgi/login_cgi.c:161]--redis:[ip=127.0.0.1,port=6379]
[2024-04-26 16:56:55]--[src_cgi/login_cgi.c:185]--tmp = dragon47223594338
[2024-04-26 16:56:55]--[src_cgi/login_cgi.c:201]--base64 = tCC+SMDGMmmkea19G2DS8FSLR+LwC1FL
[2024-04-26 16:56:55]--[src_cgi/login_cgi.c:304]--token = e5337b30af3090acb0693bf534bb55bb
[2024-04-26 17:23:04]--[src_cgi/login_cgi.c:288]--buf = {
    "pwd": "e10adc3949ba59abbe56e057f20f883e",
    "user": "dragon"
}

[2024-04-26 17:23:04]--[src_cgi/login_cgi.c:295]--user = dragon, pwd = e10adc3949ba59abbe56e057f20f883e
[2024-04-26 17:23:04]--[src_cgi/login_cgi.c:101]--mysql_user = root, mysql_pwd = 15774756186, mysql_db = cloud_disk
[2024-04-26 17:23:04]--[src_cgi/login_cgi.c:161]--redis:[ip=127.0.0.1,port=6379]
[2024-04-26 17:23:04]--[src_cgi/login_cgi.c:185]--tmp = dragon51507244219
[2024-04-26 17:23:04]--[src_cgi/login_cgi.c:201]--base64 = kakicAABMRN7+16VnPX5KlzqyK7PQug1
[2024-04-26 17:23:04]--[src_cgi/login_cgi.c:304]--token = 3cc8cfad97be91f9964de473a0e5e04b
[2024-04-26 17:24:02]--[src_cgi/login_cgi.c:288]--buf = {
    "pwd": "e10adc3949ba59abbe56e057f20f883e",
    "user": "dragon"
}

[2024-04-26 17:24:02]--[src_cgi/login_cgi.c:295]--user = dragon, pwd = e10adc3949ba59abbe56e057f20f883e
[2024-04-26 17:24:02]--[src_cgi/login_cgi.c:101]--mysql_user = root, mysql_pwd = 15774756186, mysql_db = cloud_disk
[2024-04-26 17:24:02]--[src_cgi/login_cgi.c:161]--redis:[ip=127.0.0.1,port=6379]
[2024-04-26 17:24:02]--[src_cgi/login_cgi.c:185]--tmp = dragon371638861890
[2024-04-26 17:24:02]--[src_cgi/login_cgi.c:201]--base64 = YWFRSQ08nzkqjzqvT3GMaKhaguijw9Sk
[2024-04-26 17:24:02]--[src_cgi/login_cgi.c:304]--token = 58e66284473d5a571844b0d912a267d8
[2024-04-26 17:24:58]--[src_cgi/login_cgi.c:288]--buf = {
    "pwd": "e10adc3949ba59abbe56e057f20f883e",
    "user": "dragon"
}

[2024-04-26 17:24:58]--[src_cgi/login_cgi.c:295]--user = dragon, pwd = e10adc3949ba59abbe56e057f20f883e
[2024-04-26 17:24:58]--[src_cgi/login_cgi.c:101]--mysql_user = root, mysql_pwd = 15774756186, mysql_db = cloud_disk
[2024-04-26 17:24:58]--[src_cgi/login_cgi.c:161]--redis:[ip=127.0.0.1,port=6379]
[2024-04-26 17:24:58]--[src_cgi/login_cgi.c:185]--tmp = dragon45628103523
[2024-04-26 17:24:58]--[src_cgi/login_cgi.c:201]--base64 = 7bliBC7JhkvYhSDncKyg2q7DEUAkWTSv
[2024-04-26 17:24:58]--[src_cgi/login_cgi.c:304]--token = cd3bf3ab86a8e2d3a03ea3aa34d58235
[2024-04-26 17:26:10]--[src_cgi/login_cgi.c:288]--buf = {
    "pwd": "e10adc3949ba59abbe56e057f20f883e",
    "user": "dragon"
}

[2024-04-26 17:26:10]--[src_cgi/login_cgi.c:295]--user = dragon, pwd = e10adc3949ba59abbe56e057f20f883e
[2024-04-26 17:26:10]--[src_cgi/login_cgi.c:101]--mysql_user = root, mysql_pwd = 15774756186, mysql_db = cloud_disk
[2024-04-26 17:26:10]--[src_cgi/login_cgi.c:161]--redis:[ip=127.0.0.1,port=6379]
[2024-04-26 17:26:10]--[src_cgi/login_cgi.c:185]--tmp = dragon43728200996
[2024-04-26 17:26:10]--[src_cgi/login_cgi.c:201]--base64 = 7+sYG46IkmxANMN5nLtu+Owb1egIr+tu
[2024-04-26 17:26:10]--[src_cgi/login_cgi.c:304]--token = b94a735e52027dfb27cab4035ff84c66
[2024-04-26 17:27:22]--[src_cgi/login_cgi.c:288]--buf = {
    "pwd": "e10adc3949ba59abbe56e057f20f883e",
    "user": "dragon"
}

[2024-04-26 17:27:22]--[src_cgi/login_cgi.c:295]--user = dragon, pwd = e10adc3949ba59abbe56e057f20f883e
[2024-04-26 17:27:22]--[src_cgi/login_cgi.c:101]--mysql_user = root, mysql_pwd = 15774756186, mysql_db = cloud_disk
[2024-04-26 17:27:22]--[src_cgi/login_cgi.c:161]--redis:[ip=127.0.0.1,port=6379]
[2024-04-26 17:27:22]--[src_cgi/login_cgi.c:185]--tmp = dragon583836354640
[2024-04-26 17:27:22]--[src_cgi/login_cgi.c:201]--base64 = ylPyr7QMt8iVOAk2SWcT4W2i/t6AJQ1B
[2024-04-26 17:27:22]--[src_cgi/login_cgi.c:304]--token = a60626a1a0a6db20c06ff78f9b2b0512
[2024-04-26 17:27:49]--[src_cgi/login_cgi.c:288]--buf = {
    "pwd": "e10adc3949ba59abbe56e057f20f883e",
    "user": "dragon"
}

[2024-04-26 17:27:49]--[src_cgi/login_cgi.c:295]--user = dragon, pwd = e10adc3949ba59abbe56e057f20f883e
[2024-04-26 17:27:49]--[src_cgi/login_cgi.c:101]--mysql_user = root, mysql_pwd = 15774756186, mysql_db = cloud_disk
[2024-04-26 17:27:49]--[src_cgi/login_cgi.c:161]--redis:[ip=127.0.0.1,port=6379]
[2024-04-26 17:27:49]--[src_cgi/login_cgi.c:185]--tmp = dragon899348860530
[2024-04-26 17:27:49]--[src_cgi/login_cgi.c:201]--base64 = OoxqmCI4C6RXdotKSEbFf04MSB6EHBSz
[2024-04-26 17:27:49]--[src_cgi/login_cgi.c:304]--token = e712c9045b239528847cf6300f24abfa
[2024-04-26 17:29:24]--[src_cgi/login_cgi.c:288]--buf = {
    "pwd": "e10adc3949ba59abbe56e057f20f883e",
    "user": "dragon"
}

[2024-04-26 17:29:24]--[src_cgi/login_cgi.c:295]--user = dragon, pwd = e10adc3949ba59abbe56e057f20f883e
[2024-04-26 17:29:24]--[src_cgi/login_cgi.c:101]--mysql_user = root, mysql_pwd = 15774756186, mysql_db = cloud_disk
[2024-04-26 17:29:24]--[src_cgi/login_cgi.c:161]--redis:[ip=127.0.0.1,port=6379]
[2024-04-26 17:29:24]--[src_cgi/login_cgi.c:185]--tmp = dragon465506865611
[2024-04-26 17:29:24]--[src_cgi/login_cgi.c:201]--base64 = 4PZctr3YB5NA7r26PyYzQoTHQIHr2ZWb
[2024-04-26 17:29:24]--[src_cgi/login_cgi.c:304]--token = cdd0c185f30ff15ff3c3494329115420
[2024-04-26 17:29:43]--[src_cgi/login_cgi.c:288]--buf = {
    "pwd": "e10adc3949ba59abbe56e057f20f883e",
    "user": "dragon"
}

[2024-04-26 17:29:43]--[src_cgi/login_cgi.c:295]--user = dragon, pwd = e10adc3949ba59abbe56e057f20f883e
[2024-04-26 17:29:43]--[src_cgi/login_cgi.c:101]--mysql_user = root, mysql_pwd = 15774756186, mysql_db = cloud_disk
[2024-04-26 17:29:43]--[src_cgi/login_cgi.c:161]--redis:[ip=127.0.0.1,port=6379]
[2024-04-26 17:29:43]--[src_cgi/login_cgi.c:185]--tmp = dragon448942604843
[2024-04-26 17:29:43]--[src_cgi/login_cgi.c:201]--base64 = FT1SZJ0oKYStUIqvhYOHsoZwIaC0fVTv
[2024-04-26 17:29:43]--[src_cgi/login_cgi.c:304]--token = d46ae7a2a0576cc41c774127816c45ab
[2024-04-26 17:32:56]--[src_cgi/login_cgi.c:288]--buf = {
    "pwd": "e10adc3949ba59abbe56e057f20f883e",
    "user": "dragon"
}

[2024-04-26 17:32:56]--[src_cgi/login_cgi.c:295]--user = dragon, pwd = e10adc3949ba59abbe56e057f20f883e
[2024-04-26 17:32:56]--[src_cgi/login_cgi.c:101]--mysql_user = root, mysql_pwd = 15774756186, mysql_db = cloud_disk
[2024-04-26 17:32:56]--[src_cgi/login_cgi.c:161]--redis:[ip=127.0.0.1,port=6379]
[2024-04-26 17:32:56]--[src_cgi/login_cgi.c:185]--tmp = dragon5320350641
[2024-04-26 17:32:56]--[src_cgi/login_cgi.c:201]--base64 = ikO49/v7A4xTFWlxNgrxhC0ZxLNK7pNJ
[2024-04-26 17:32:56]--[src_cgi/login_cgi.c:304]--token = 79ffabc4fce36c61f2c898cac323db0b
[2024-04-26 17:38:29]--[src_cgi/login_cgi.c:288]--buf = {
    "pwd": "e10adc3949ba59abbe56e057f20f883e",
    "user": "dragon"
}

[2024-04-26 17:38:29]--[src_cgi/login_cgi.c:295]--user = dragon, pwd = e10adc3949ba59abbe56e057f20f883e
[2024-04-26 17:38:29]--[src_cgi/login_cgi.c:101]--mysql_user = root, mysql_pwd = 15774756186, mysql_db = cloud_disk
[2024-04-26 17:38:29]--[src_cgi/login_cgi.c:161]--redis:[ip=127.0.0.1,port=6379]
[2024-04-26 17:38:29]--[src_cgi/login_cgi.c:185]--tmp = dragon405550913668
[2024-04-26 17:38:29]--[src_cgi/login_cgi.c:201]--base64 = 6rb1JgWquu2+yJ5pCXDXK0r1NmJOQdwE
[2024-04-26 17:38:29]--[src_cgi/login_cgi.c:304]--token = d64744680575808a7620d33cf1373cef
[2024-04-26 18:05:14]--[src_cgi/login_cgi.c:288]--buf = {
    "pwd": "e10adc3949ba59abbe56e057f20f883e",
    "user": "dragon"
}

[2024-04-26 18:05:14]--[src_cgi/login_cgi.c:295]--user = dragon, pwd = e10adc3949ba59abbe56e057f20f883e
[2024-04-26 18:05:14]--[src_cgi/login_cgi.c:101]--mysql_user = root, mysql_pwd = 15774756186, mysql_db = cloud_disk
[2024-04-26 18:05:14]--[src_cgi/login_cgi.c:161]--redis:[ip=127.0.0.1,port=6379]
[2024-04-26 18:05:14]--[src_cgi/login_cgi.c:185]--tmp = dragon872297126163
[2024-04-26 18:05:14]--[src_cgi/login_cgi.c:201]--base64 = Lb8d5jYD3WKlrBchYbJrwrWCdmo+rLmr
[2024-04-26 18:05:14]--[src_cgi/login_cgi.c:304]--token = 06a671f212db7658e4fa39ccb2ffa3c7
[2024-04-26 18:07:29]--[src_cgi/login_cgi.c:288]--buf = {
    "pwd": "e10adc3949ba59abbe56e057f20f883e",
    "user": "dragon"
}

[2024-04-26 18:07:29]--[src_cgi/login_cgi.c:295]--user = dragon, pwd = e10adc3949ba59abbe56e057f20f883e
[2024-04-26 18:07:29]--[src_cgi/login_cgi.c:101]--mysql_user = root, mysql_pwd = 15774756186, mysql_db = cloud_disk
[2024-04-26 18:07:29]--[src_cgi/login_cgi.c:161]--redis:[ip=127.0.0.1,port=6379]
[2024-04-26 18:07:29]--[src_cgi/login_cgi.c:185]--tmp = dragon330756689861
[2024-04-26 18:07:29]--[src_cgi/login_cgi.c:201]--base64 = VMl6o1ziwIy9ACcv8mFyEil3ZDauZntp
[2024-04-26 18:07:29]--[src_cgi/login_cgi.c:304]--token = 56584be7d3c95783ddded086e34784c3
[2024-04-26 18:10:08]--[src_cgi/login_cgi.c:288]--buf = {
    "pwd": "e10adc3949ba59abbe56e057f20f883e",
    "user": "dragon"
}

[2024-04-26 18:10:08]--[src_cgi/login_cgi.c:295]--user = dragon, pwd = e10adc3949ba59abbe56e057f20f883e
[2024-04-26 18:10:08]--[src_cgi/login_cgi.c:101]--mysql_user = root, mysql_pwd = 15774756186, mysql_db = cloud_disk
[2024-04-26 18:10:08]--[src_cgi/login_cgi.c:161]--redis:[ip=127.0.0.1,port=6379]
[2024-04-26 18:10:08]--[src_cgi/login_cgi.c:185]--tmp = dragon29034965334
[2024-04-26 18:10:08]--[src_cgi/login_cgi.c:201]--base64 = 1QTfPcmI/X5uVT3PQQSDO5+HwxKUAZ0k
[2024-04-26 18:10:08]--[src_cgi/login_cgi.c:304]--token = 689c0b7099dd25849dc397c72f125597
[2024-04-26 19:02:18]--[src_cgi/login_cgi.c:288]--buf = {
    "pwd": "e10adc3949ba59abbe56e057f20f883e",
    "user": "dragon"
}

[2024-04-26 19:02:18]--[src_cgi/login_cgi.c:295]--user = dragon, pwd = e10adc3949ba59abbe56e057f20f883e
[2024-04-26 19:02:18]--[src_cgi/login_cgi.c:101]--mysql_user = root, mysql_pwd = 15774756186, mysql_db = cloud_disk
[2024-04-26 19:02:18]--[src_cgi/login_cgi.c:161]--redis:[ip=127.0.0.1,port=6379]
[2024-04-26 19:02:18]--[src_cgi/login_cgi.c:185]--tmp = dragon432906911286
[2024-04-26 19:02:18]--[src_cgi/login_cgi.c:201]--base64 = 7+sYG46IkmxJ+4HY5Bm3rR7N0D9Ft3im
[2024-04-26 19:02:18]--[src_cgi/login_cgi.c:304]--token = a73e6b9da3d29cf5d55628036e5518b4
[2024-04-26 19:03:36]--[src_cgi/login_cgi.c:288]--buf = {
    "pwd": "e10adc3949ba59abbe56e057f20f883e",
    "user": "dragon"
}

[2024-04-26 19:03:36]--[src_cgi/login_cgi.c:295]--user = dragon, pwd = e10adc3949ba59abbe56e057f20f883e
[2024-04-26 19:03:36]--[src_cgi/login_cgi.c:101]--mysql_user = root, mysql_pwd = 15774756186, mysql_db = cloud_disk
[2024-04-26 19:03:36]--[src_cgi/login_cgi.c:161]--redis:[ip=127.0.0.1,port=6379]
[2024-04-26 19:03:36]--[src_cgi/login_cgi.c:185]--tmp = dragon443950739470
[2024-04-26 19:03:36]--[src_cgi/login_cgi.c:201]--base64 = FT1SZJ0oKYQ0IzekE6H5u/tUfO2sJBoC
[2024-04-26 19:03:36]--[src_cgi/login_cgi.c:304]--token = b473917666cbea372b4899f4346d0a49
[2024-04-26 19:04:10]--[src_cgi/login_cgi.c:288]--buf = {
    "pwd": "e10adc3949ba59abbe56e057f20f883e",
    "user": "dragon"
}

[2024-04-26 19:04:10]--[src_cgi/login_cgi.c:295]--user = dragon, pwd = e10adc3949ba59abbe56e057f20f883e
[2024-04-26 19:04:10]--[src_cgi/login_cgi.c:101]--mysql_user = root, mysql_pwd = 15774756186, mysql_db = cloud_disk
[2024-04-26 19:04:10]--[src_cgi/login_cgi.c:161]--redis:[ip=127.0.0.1,port=6379]
[2024-04-26 19:04:10]--[src_cgi/login_cgi.c:185]--tmp = dragon34830499793
[2024-04-26 19:04:10]--[src_cgi/login_cgi.c:201]--base64 = 5qgpZtx2W33ay+b9KMJbsq7DEUAkWTSv
[2024-04-26 19:04:10]--[src_cgi/login_cgi.c:304]--token = 422f32d5585ee8dc68a3aab053af7e75
[2024-04-26 19:05:27]--[src_cgi/login_cgi.c:288]--buf = {
    "pwd": "e10adc3949ba59abbe56e057f20f883e",
    "user": "dragon"
}

[2024-04-26 19:05:27]--[src_cgi/login_cgi.c:295]--user = dragon, pwd = e10adc3949ba59abbe56e057f20f883e
[2024-04-26 19:05:27]--[src_cgi/login_cgi.c:101]--mysql_user = root, mysql_pwd = 15774756186, mysql_db = cloud_disk
[2024-04-26 19:05:27]--[src_cgi/login_cgi.c:161]--redis:[ip=127.0.0.1,port=6379]
[2024-04-26 19:05:27]--[src_cgi/login_cgi.c:185]--tmp = dragon178838109966
[2024-04-26 19:05:27]--[src_cgi/login_cgi.c:201]--base64 = dFqaVTbD5UVqoDLhvutm4Peszm0oB5mM
[2024-04-26 19:05:27]--[src_cgi/login_cgi.c:304]--token = 19b8b843ba187876880a6e850b842c50
[2024-04-26 19:07:08]--[src_cgi/login_cgi.c:288]--buf = {
    "pwd": "e10adc3949ba59abbe56e057f20f883e",
    "user": "dragon"
}

[2024-04-26 19:07:08]--[src_cgi/login_cgi.c:295]--user = dragon, pwd = e10adc3949ba59abbe56e057f20f883e
[2024-04-26 19:07:08]--[src_cgi/login_cgi.c:101]--mysql_user = root, mysql_pwd = 15774756186, mysql_db = cloud_disk
[2024-04-26 19:07:08]--[src_cgi/login_cgi.c:161]--redis:[ip=127.0.0.1,port=6379]
[2024-04-26 19:07:08]--[src_cgi/login_cgi.c:185]--tmp = dragon85430439965
[2024-04-26 19:07:08]--[src_cgi/login_cgi.c:201]--base64 = UcNIxTcVhEkZFFLrkbtuaW+Ut+5trQL2
[2024-04-26 19:07:08]--[src_cgi/login_cgi.c:304]--token = d4403c0c5207472d2959ff77ae3e95a5
[2024-04-26 19:09:34]--[src_cgi/login_cgi.c:288]--buf = {
    "pwd": "e10adc3949ba59abbe56e057f20f883e",
    "user": "dragon"
}

[2024-04-26 19:09:34]--[src_cgi/login_cgi.c:295]--user = dragon, pwd = e10adc3949ba59abbe56e057f20f883e
[2024-04-26 19:09:34]--[src_cgi/login_cgi.c:101]--mysql_user = root, mysql_pwd = 15774756186, mysql_db = cloud_disk
[2024-04-26 19:09:34]--[src_cgi/login_cgi.c:161]--redis:[ip=127.0.0.1,port=6379]
[2024-04-26 19:09:34]--[src_cgi/login_cgi.c:185]--tmp = dragon453106478768
[2024-04-26 19:09:34]--[src_cgi/login_cgi.c:201]--base64 = 7bliBC7JhktiVoeDzON6/0r1NmJOQdwE
[2024-04-26 19:09:34]--[src_cgi/login_cgi.c:304]--token = 773bb5839d490ec427d729fa92d5d296
[2024-04-26 19:10:12]--[src_cgi/login_cgi.c:288]--buf = {
    "pwd": "e10adc3949ba59abbe56e057f20f883e",
    "user": "dragon"
}

[2024-04-26 19:10:12]--[src_cgi/login_cgi.c:295]--user = dragon, pwd = e10adc3949ba59abbe56e057f20f883e
[2024-04-26 19:10:12]--[src_cgi/login_cgi.c:101]--mysql_user = root, mysql_pwd = 15774756186, mysql_db = cloud_disk
[2024-04-26 19:10:12]--[src_cgi/login_cgi.c:161]--redis:[ip=127.0.0.1,port=6379]
[2024-04-26 19:10:12]--[src_cgi/login_cgi.c:185]--tmp = dragon949443423543
[2024-04-26 19:10:12]--[src_cgi/login_cgi.c:201]--base64 = YtPgRBabayjEewR+FJigFYZwIaC0fVTv
[2024-04-26 19:10:12]--[src_cgi/login_cgi.c:304]--token = 808fd3c8fc05a3e30822ea881fa3f82a
[2024-04-26 19:10:41]--[src_cgi/login_cgi.c:288]--buf = {
    "pwd": "e10adc3949ba59abbe56e057f20f883e",
    "user": "dragon"
}

[2024-04-26 19:10:41]--[src_cgi/login_cgi.c:295]--user = dragon, pwd = e10adc3949ba59abbe56e057f20f883e
[2024-04-26 19:10:41]--[src_cgi/login_cgi.c:101]--mysql_user = root, mysql_pwd = 15774756186, mysql_db = cloud_disk
[2024-04-26 19:10:41]--[src_cgi/login_cgi.c:161]--redis:[ip=127.0.0.1,port=6379]
[2024-04-26 19:10:41]--[src_cgi/login_cgi.c:185]--tmp = dragon5017942665
[2024-04-26 19:10:41]--[src_cgi/login_cgi.c:201]--base64 = 2jZcwE1RjAYLRxroiqIuhC0ZxLNK7pNJ
[2024-04-26 19:10:41]--[src_cgi/login_cgi.c:304]--token = 4d275b5254ca79f46b0252de12faba06
[2024-04-26 19:11:29]--[src_cgi/login_cgi.c:288]--buf = {
    "pwd": "e10adc3949ba59abbe56e057f20f883e",
    "user": "dragon"
}

[2024-04-26 19:11:29]--[src_cgi/login_cgi.c:295]--user = dragon, pwd = e10adc3949ba59abbe56e057f20f883e
[2024-04-26 19:11:29]--[src_cgi/login_cgi.c:101]--mysql_user = root, mysql_pwd = 15774756186, mysql_db = cloud_disk
[2024-04-26 19:11:29]--[src_cgi/login_cgi.c:161]--redis:[ip=127.0.0.1,port=6379]
[2024-04-26 19:11:29]--[src_cgi/login_cgi.c:185]--tmp = dragon4714692378
[2024-04-26 19:11:29]--[src_cgi/login_cgi.c:201]--base64 = tCC+SMDGMmnOk0asyfV39i0ZxLNK7pNJ
[2024-04-26 19:11:29]--[src_cgi/login_cgi.c:304]--token = bc02cbd8467636ce8204085a0bedd808
[2024-04-26 19:12:18]--[src_cgi/login_cgi.c:288]--buf = {
    "pwd": "e10adc3949ba59abbe56e057f20f883e",
    "user": "dragon"
}

[2024-04-26 19:12:18]--[src_cgi/login_cgi.c:295]--user = dragon, pwd = e10adc3949ba59abbe56e057f20f883e
[2024-04-26 19:12:18]--[src_cgi/login_cgi.c:101]--mysql_user = root, mysql_pwd = 15774756186, mysql_db = cloud_disk
[2024-04-26 19:12:18]--[src_cgi/login_cgi.c:161]--redis:[ip=127.0.0.1,port=6379]
[2024-04-26 19:12:18]--[src_cgi/login_cgi.c:185]--tmp = dragon859731863255
[2024-04-26 19:12:18]--[src_cgi/login_cgi.c:201]--base64 = UcNIxTcVhEnR0+eVMhThThmJcLyqK45O
[2024-04-26 19:12:18]--[src_cgi/login_cgi.c:304]--token = aed3cbe4986e41cc11ff90339d1cc4f8
[2024-04-26 19:12:42]--[src_cgi/login_cgi.c:288]--buf = {
    "pwd": "e10adc3949ba59abbe56e057f20f883e",
    "user": "dragon"
}

[2024-04-26 19:12:42]--[src_cgi/login_cgi.c:295]--user = dragon, pwd = e10adc3949ba59abbe56e057f20f883e
[2024-04-26 19:12:42]--[src_cgi/login_cgi.c:101]--mysql_user = root, mysql_pwd = 15774756186, mysql_db = cloud_disk
[2024-04-26 19:12:42]--[src_cgi/login_cgi.c:161]--redis:[ip=127.0.0.1,port=6379]
[2024-04-26 19:12:42]--[src_cgi/login_cgi.c:185]--tmp = dragon107954146858
[2024-04-26 19:12:42]--[src_cgi/login_cgi.c:201]--base64 = iYJglqw8qRyixOfg1pHSTjWCZUySgM55
[2024-04-26 19:12:42]--[src_cgi/login_cgi.c:304]--token = c8fcaa2434653aeeb6c923e23b769963
