[2024-04-28 15:42:27]--[src_cgi/login_cgi.c:288]--buf = {
    "pwd": "e10adc3949ba59abbe56e057f20f883e",
    "user": "dragon"
}

[2024-04-28 15:42:27]--[src_cgi/login_cgi.c:295]--user = dragon, pwd = e10adc3949ba59abbe56e057f20f883e
[2024-04-28 15:42:27]--[src_cgi/login_cgi.c:101]--mysql_user = root, mysql_pwd = 15774756186, mysql_db = cloud_disk
[2024-04-28 15:42:27]--[src_cgi/login_cgi.c:161]--redis:[ip=127.0.0.1,port=6379]
[2024-04-28 15:42:27]--[src_cgi/login_cgi.c:185]--tmp = dragon30053234808
[2024-04-28 15:42:27]--[src_cgi/login_cgi.c:201]--base64 = Sxq+cc5mv0xoUj0m7A89MFSLR+LwC1FL
[2024-04-28 15:42:27]--[src_cgi/login_cgi.c:304]--token = b72b3b5c712a2a886a04f3521d0a9739
[2024-04-28 16:19:24]--[src_cgi/login_cgi.c:288]--buf = {
    "pwd": "e10adc3949ba59abbe56e057f20f883e",
    "user": "dragon"
}

[2024-04-28 16:19:24]--[src_cgi/login_cgi.c:295]--user = dragon, pwd = e10adc3949ba59abbe56e057f20f883e
[2024-04-28 16:19:24]--[src_cgi/login_cgi.c:101]--mysql_user = root, mysql_pwd = 15774756186, mysql_db = cloud_disk
[2024-04-28 16:19:24]--[src_cgi/login_cgi.c:161]--redis:[ip=127.0.0.1,port=6379]
[2024-04-28 16:19:24]--[src_cgi/login_cgi.c:185]--tmp = dragon82833451304
[2024-04-28 16:19:24]--[src_cgi/login_cgi.c:201]--base64 = TV1ZEH/LG/YkuOhcCDSeMp+HwxKUAZ0k
[2024-04-28 16:19:24]--[src_cgi/login_cgi.c:304]--token = 2cab10610e5ea423c1c186b94cb249ab
[2024-04-28 16:22:15]--[src_cgi/login_cgi.c:288]--buf = {
    "pwd": "e10adc3949ba59abbe56e057f20f883e",
    "user": "dragon"
}

[2024-04-28 16:22:15]--[src_cgi/login_cgi.c:295]--user = dragon, pwd = e10adc3949ba59abbe56e057f20f883e
[2024-04-28 16:22:15]--[src_cgi/login_cgi.c:101]--mysql_user = root, mysql_pwd = 15774756186, mysql_db = cloud_disk
[2024-04-28 16:22:15]--[src_cgi/login_cgi.c:161]--redis:[ip=127.0.0.1,port=6379]
[2024-04-28 16:22:15]--[src_cgi/login_cgi.c:185]--tmp = dragon205882824915
[2024-04-28 16:22:15]--[src_cgi/login_cgi.c:201]--base64 = Isj27Nl5bRbSB00ggx10Q4kGY2TdE/kP
[2024-04-28 16:22:15]--[src_cgi/login_cgi.c:304]--token = a9e7cf89b5fc03b61608777ed5f1d8cb
[2024-04-28 16:25:21]--[src_cgi/login_cgi.c:288]--buf = {
    "pwd": "e10adc3949ba59abbe56e057f20f883e",
    "user": "dragon"
}

[2024-04-28 16:25:21]--[src_cgi/login_cgi.c:295]--user = dragon, pwd = e10adc3949ba59abbe56e057f20f883e
[2024-04-28 16:25:21]--[src_cgi/login_cgi.c:101]--mysql_user = root, mysql_pwd = 15774756186, mysql_db = cloud_disk
[2024-04-28 16:25:21]--[src_cgi/login_cgi.c:161]--redis:[ip=127.0.0.1,port=6379]
[2024-04-28 16:25:21]--[src_cgi/login_cgi.c:185]--tmp = dragon505314141796
[2024-04-28 16:25:21]--[src_cgi/login_cgi.c:201]--base64 = 2jZcwE1RjAYyrTrpOZLLt47osQwnCBRq
[2024-04-28 16:25:21]--[src_cgi/login_cgi.c:304]--token = 82be16b0616df013cd6560a05c3eb8f0
[2024-04-28 16:28:08]--[src_cgi/login_cgi.c:288]--buf = {
    "pwd": "e10adc3949ba59abbe56e057f20f883e",
    "user": "dragon"
}

[2024-04-28 16:28:08]--[src_cgi/login_cgi.c:295]--user = dragon, pwd = e10adc3949ba59abbe56e057f20f883e
[2024-04-28 16:28:08]--[src_cgi/login_cgi.c:101]--mysql_user = root, mysql_pwd = 15774756186, mysql_db = cloud_disk
[2024-04-28 16:28:08]--[src_cgi/login_cgi.c:161]--redis:[ip=127.0.0.1,port=6379]
[2024-04-28 16:28:08]--[src_cgi/login_cgi.c:185]--tmp = dragon830165998756
[2024-04-28 16:28:08]--[src_cgi/login_cgi.c:201]--base64 = DP4bDAS/6khrBQTsMsXrVthGzRVlNC3/
[2024-04-28 16:28:08]--[src_cgi/login_cgi.c:304]--token = 5e2a05236152ca4a673b190eb2978f00
[2024-04-28 16:30:03]--[src_cgi/login_cgi.c:288]--buf = {
    "pwd": "e10adc3949ba59abbe56e057f20f883e",
    "user": "dragon"
}

[2024-04-28 16:30:03]--[src_cgi/login_cgi.c:295]--user = dragon, pwd = e10adc3949ba59abbe56e057f20f883e
[2024-04-28 16:30:03]--[src_cgi/login_cgi.c:101]--mysql_user = root, mysql_pwd = 15774756186, mysql_db = cloud_disk
[2024-04-28 16:30:03]--[src_cgi/login_cgi.c:161]--redis:[ip=127.0.0.1,port=6379]
[2024-04-28 16:30:03]--[src_cgi/login_cgi.c:185]--tmp = dragon59169466547
[2024-04-28 16:30:03]--[src_cgi/login_cgi.c:201]--base64 = ympeKD8ES/jB5h/8Kb4wgvUujTBmz0dF
[2024-04-28 16:30:03]--[src_cgi/login_cgi.c:304]--token = 647f5eaacf480c44776943c18790c6cd
[2024-04-28 16:36:50]--[src_cgi/login_cgi.c:288]--buf = {
    "pwd": "e10adc3949ba59abbe56e057f20f883e",
    "user": "dragon"
}

[2024-04-28 16:36:50]--[src_cgi/login_cgi.c:295]--user = dragon, pwd = e10adc3949ba59abbe56e057f20f883e
[2024-04-28 16:36:50]--[src_cgi/login_cgi.c:101]--mysql_user = root, mysql_pwd = 15774756186, mysql_db = cloud_disk
[2024-04-28 16:36:50]--[src_cgi/login_cgi.c:161]--redis:[ip=127.0.0.1,port=6379]
[2024-04-28 16:36:50]--[src_cgi/login_cgi.c:185]--tmp = dragon782972175232
[2024-04-28 16:36:50]--[src_cgi/login_cgi.c:201]--base64 = ZAIJJRpPQEbryk0QIStNKuzUJ3TV/klo
[2024-04-28 16:36:50]--[src_cgi/login_cgi.c:304]--token = 233ae62646b14259759c0c590b3c03e8
[2024-04-28 16:41:44]--[src_cgi/login_cgi.c:288]--buf = {
    "pwd": "e10adc3949ba59abbe56e057f20f883e",
    "user": "dragon"
}

[2024-04-28 16:41:44]--[src_cgi/login_cgi.c:295]--user = dragon, pwd = e10adc3949ba59abbe56e057f20f883e
[2024-04-28 16:41:44]--[src_cgi/login_cgi.c:101]--mysql_user = root, mysql_pwd = 15774756186, mysql_db = cloud_disk
[2024-04-28 16:41:44]--[src_cgi/login_cgi.c:161]--redis:[ip=127.0.0.1,port=6379]
[2024-04-28 16:41:44]--[src_cgi/login_cgi.c:185]--tmp = dragon395373502585
[2024-04-28 16:41:44]--[src_cgi/login_cgi.c:201]--base64 = rXopXGlP/POGL2/AQYVxXrk8yoIJQQDv
[2024-04-28 16:41:44]--[src_cgi/login_cgi.c:304]--token = 23f5c11d752ddbde302fa151870066d8
[2024-04-28 16:47:16]--[src_cgi/login_cgi.c:288]--buf = {
    "pwd": "e10adc3949ba59abbe56e057f20f883e",
    "user": "dragon"
}

[2024-04-28 16:47:16]--[src_cgi/login_cgi.c:295]--user = dragon, pwd = e10adc3949ba59abbe56e057f20f883e
[2024-04-28 16:47:16]--[src_cgi/login_cgi.c:101]--mysql_user = root, mysql_pwd = 15774756186, mysql_db = cloud_disk
[2024-04-28 16:47:16]--[src_cgi/login_cgi.c:161]--redis:[ip=127.0.0.1,port=6379]
[2024-04-28 16:47:16]--[src_cgi/login_cgi.c:185]--tmp = dragon28420659940
[2024-04-28 16:47:16]--[src_cgi/login_cgi.c:201]--base64 = QkS2l2wYhBgR2o1RFORyIrN71Jkkp7xg
[2024-04-28 16:47:16]--[src_cgi/login_cgi.c:304]--token = 272766f8fe34ad85a2f754a6d1181c8d
[2024-04-28 17:00:03]--[src_cgi/login_cgi.c:288]--buf = {
    "pwd": "e10adc3949ba59abbe56e057f20f883e",
    "user": "dragon"
}

[2024-04-28 17:00:03]--[src_cgi/login_cgi.c:295]--user = dragon, pwd = e10adc3949ba59abbe56e057f20f883e
[2024-04-28 17:00:03]--[src_cgi/login_cgi.c:101]--mysql_user = root, mysql_pwd = 15774756186, mysql_db = cloud_disk
[2024-04-28 17:00:03]--[src_cgi/login_cgi.c:161]--redis:[ip=127.0.0.1,port=6379]
[2024-04-28 17:00:03]--[src_cgi/login_cgi.c:185]--tmp = dragon782946514841
[2024-04-28 17:00:03]--[src_cgi/login_cgi.c:201]--base64 = ZAIJJRpPQEaGnKEhMqGtBhDym6eNG/k2
[2024-04-28 17:00:03]--[src_cgi/login_cgi.c:304]--token = f0403d55dbb2bb7c85f4ffde49698d6b
[2024-04-28 17:01:27]--[src_cgi/login_cgi.c:288]--buf = {
    "pwd": "e10adc3949ba59abbe56e057f20f883e",
    "user": "dragon"
}

[2024-04-28 17:01:27]--[src_cgi/login_cgi.c:295]--user = dragon, pwd = e10adc3949ba59abbe56e057f20f883e
[2024-04-28 17:01:27]--[src_cgi/login_cgi.c:101]--mysql_user = root, mysql_pwd = 15774756186, mysql_db = cloud_disk
[2024-04-28 17:01:27]--[src_cgi/login_cgi.c:161]--redis:[ip=127.0.0.1,port=6379]
[2024-04-28 17:01:27]--[src_cgi/login_cgi.c:185]--tmp = dragon11798666455
[2024-04-28 17:01:27]--[src_cgi/login_cgi.c:201]--base64 = dEZg4P/eVVAzWaOpNt/NfW+Ut+5trQL2
[2024-04-28 17:01:27]--[src_cgi/login_cgi.c:304]--token = 309cf94148853a82e171d04520b762f7
[2024-04-28 17:02:34]--[src_cgi/login_cgi.c:288]--buf = {
    "pwd": "e10adc3949ba59abbe56e057f20f883e",
    "user": "dragon"
}

[2024-04-28 17:02:34]--[src_cgi/login_cgi.c:295]--user = dragon, pwd = e10adc3949ba59abbe56e057f20f883e
[2024-04-28 17:02:34]--[src_cgi/login_cgi.c:101]--mysql_user = root, mysql_pwd = 15774756186, mysql_db = cloud_disk
[2024-04-28 17:02:34]--[src_cgi/login_cgi.c:161]--redis:[ip=127.0.0.1,port=6379]
[2024-04-28 17:02:34]--[src_cgi/login_cgi.c:185]--tmp = dragon48871658988
[2024-04-28 17:02:34]--[src_cgi/login_cgi.c:201]--base64 = 9ujaZPKZMQ8Gkgbql7e0ZFSLR+LwC1FL
[2024-04-28 17:02:34]--[src_cgi/login_cgi.c:304]--token = cd744b2dc34e12a933336eae4912a8d4
[2024-04-28 17:03:25]--[src_cgi/login_cgi.c:288]--buf = {
    "pwd": "e10adc3949ba59abbe56e057f20f883e",
    "user": "dragon"
}

[2024-04-28 17:03:26]--[src_cgi/login_cgi.c:295]--user = dragon, pwd = e10adc3949ba59abbe56e057f20f883e
[2024-04-28 17:03:26]--[src_cgi/login_cgi.c:101]--mysql_user = root, mysql_pwd = 15774756186, mysql_db = cloud_disk
[2024-04-28 17:03:26]--[src_cgi/login_cgi.c:161]--redis:[ip=127.0.0.1,port=6379]
[2024-04-28 17:03:26]--[src_cgi/login_cgi.c:185]--tmp = dragon45232745658
[2024-04-28 17:03:26]--[src_cgi/login_cgi.c:201]--base64 = 7bliBC7JhkvmqOc8xPAdclSLR+LwC1FL
[2024-04-28 17:03:26]--[src_cgi/login_cgi.c:304]--token = 596d3cf343191be6f58e97d671029cb4
[2024-04-28 18:35:40]--[src_cgi/login_cgi.c:288]--buf = {
    "pwd": "e10adc3949ba59abbe56e057f20f883e",
    "user": "dragon"
}

[2024-04-28 18:35:40]--[src_cgi/login_cgi.c:295]--user = dragon, pwd = e10adc3949ba59abbe56e057f20f883e
[2024-04-28 18:35:40]--[src_cgi/login_cgi.c:101]--mysql_user = root, mysql_pwd = 15774756186, mysql_db = cloud_disk
[2024-04-28 18:35:40]--[src_cgi/login_cgi.c:161]--redis:[ip=127.0.0.1,port=6379]
[2024-04-28 18:35:40]--[src_cgi/login_cgi.c:185]--tmp = dragon99442623525
[2024-04-28 18:35:40]--[src_cgi/login_cgi.c:201]--base64 = JXvM3O72qL3+eXyF+FLcjm+Ut+5trQL2
[2024-04-28 18:35:40]--[src_cgi/login_cgi.c:304]--token = 39a281d63ec7ad16e3329d3c62509603
[2024-04-28 18:37:17]--[src_cgi/login_cgi.c:288]--buf = {
    "pwd": "e10adc3949ba59abbe56e057f20f883e",
    "user": "dragon"
}

[2024-04-28 18:37:17]--[src_cgi/login_cgi.c:295]--user = dragon, pwd = e10adc3949ba59abbe56e057f20f883e
[2024-04-28 18:37:17]--[src_cgi/login_cgi.c:101]--mysql_user = root, mysql_pwd = 15774756186, mysql_db = cloud_disk
[2024-04-28 18:37:17]--[src_cgi/login_cgi.c:161]--redis:[ip=127.0.0.1,port=6379]
[2024-04-28 18:37:17]--[src_cgi/login_cgi.c:185]--tmp = dragon462112594102
[2024-04-28 18:37:17]--[src_cgi/login_cgi.c:201]--base64 = 4PZctr3YB5MgFR/VNta34ACtaye84AHn
[2024-04-28 18:37:17]--[src_cgi/login_cgi.c:304]--token = a250a5b039a85b689941b7a4997f1faf
[2024-04-28 18:37:38]--[src_cgi/login_cgi.c:288]--buf = {
    "pwd": "e10adc3949ba59abbe56e057f20f883e",
    "user": "dragon"
}

[2024-04-28 18:37:38]--[src_cgi/login_cgi.c:295]--user = dragon, pwd = e10adc3949ba59abbe56e057f20f883e
[2024-04-28 18:37:38]--[src_cgi/login_cgi.c:101]--mysql_user = root, mysql_pwd = 15774756186, mysql_db = cloud_disk
[2024-04-28 18:37:38]--[src_cgi/login_cgi.c:161]--redis:[ip=127.0.0.1,port=6379]
[2024-04-28 18:37:38]--[src_cgi/login_cgi.c:185]--tmp = dragon173421426957
[2024-04-28 18:37:38]--[src_cgi/login_cgi.c:201]--base64 = dFqaVTbD5UUmntSkYK/UxvJXCMo4wuU0
[2024-04-28 18:37:38]--[src_cgi/login_cgi.c:304]--token = 2b7a544793aa3a6f4e2b263fbbd4face
[2024-04-28 18:38:28]--[src_cgi/login_cgi.c:288]--buf = {
    "pwd": "e10adc3949ba59abbe56e057f20f883e",
    "user": "dragon"
}

[2024-04-28 18:38:28]--[src_cgi/login_cgi.c:295]--user = dragon, pwd = e10adc3949ba59abbe56e057f20f883e
[2024-04-28 18:38:28]--[src_cgi/login_cgi.c:101]--mysql_user = root, mysql_pwd = 15774756186, mysql_db = cloud_disk
[2024-04-28 18:38:28]--[src_cgi/login_cgi.c:161]--redis:[ip=127.0.0.1,port=6379]
[2024-04-28 18:38:28]--[src_cgi/login_cgi.c:185]--tmp = dragon87211868760
[2024-04-28 18:38:28]--[src_cgi/login_cgi.c:201]--base64 = Lb8d5jYD3WL7W72tG61RubN71Jkkp7xg
[2024-04-28 18:38:28]--[src_cgi/login_cgi.c:304]--token = e6a478cc87278fac2024cc952020cf21
[2024-04-28 18:40:09]--[src_cgi/login_cgi.c:288]--buf = {
    "pwd": "e10adc3949ba59abbe56e057f20f883e",
    "user": "dragon"
}

[2024-04-28 18:40:09]--[src_cgi/login_cgi.c:295]--user = dragon, pwd = e10adc3949ba59abbe56e057f20f883e
[2024-04-28 18:40:09]--[src_cgi/login_cgi.c:101]--mysql_user = root, mysql_pwd = 15774756186, mysql_db = cloud_disk
[2024-04-28 18:40:09]--[src_cgi/login_cgi.c:161]--redis:[ip=127.0.0.1,port=6379]
[2024-04-28 18:40:09]--[src_cgi/login_cgi.c:185]--tmp = dragon797531497611
[2024-04-28 18:40:09]--[src_cgi/login_cgi.c:201]--base64 = +H6ovaZKcS6WA1fBykcDP4THQIHr2ZWb
[2024-04-28 18:40:09]--[src_cgi/login_cgi.c:304]--token = c6b85efe71a5e6074f636826e0d9bf23
[2024-04-28 18:41:46]--[src_cgi/login_cgi.c:288]--buf = {
    "pwd": "e10adc3949ba59abbe56e057f20f883e",
    "user": "dragon"
}

[2024-04-28 18:41:46]--[src_cgi/login_cgi.c:295]--user = dragon, pwd = e10adc3949ba59abbe56e057f20f883e
[2024-04-28 18:41:46]--[src_cgi/login_cgi.c:101]--mysql_user = root, mysql_pwd = 15774756186, mysql_db = cloud_disk
[2024-04-28 18:41:47]--[src_cgi/login_cgi.c:161]--redis:[ip=127.0.0.1,port=6379]
[2024-04-28 18:41:47]--[src_cgi/login_cgi.c:185]--tmp = dragon4442738909
[2024-04-28 18:41:47]--[src_cgi/login_cgi.c:201]--base64 = FT1SZJ0oKYTRpEZmU5XuvC0ZxLNK7pNJ
[2024-04-28 18:41:47]--[src_cgi/login_cgi.c:304]--token = e1c6c7b79acc50400dc0390108a93b57
[2024-04-28 18:48:20]--[src_cgi/login_cgi.c:288]--buf = {
    "pwd": "e10adc3949ba59abbe56e057f20f883e",
    "user": "dragon"
}

[2024-04-28 18:48:20]--[src_cgi/login_cgi.c:295]--user = dragon, pwd = e10adc3949ba59abbe56e057f20f883e
[2024-04-28 18:48:20]--[src_cgi/login_cgi.c:101]--mysql_user = root, mysql_pwd = 15774756186, mysql_db = cloud_disk
[2024-04-28 18:48:20]--[src_cgi/login_cgi.c:161]--redis:[ip=127.0.0.1,port=6379]
[2024-04-28 18:48:20]--[src_cgi/login_cgi.c:185]--tmp = dragon550845872616
[2024-04-28 18:48:20]--[src_cgi/login_cgi.c:201]--base64 = Rj7jsJ5+E/hk/oQys22rGGTkXdgYvned
[2024-04-28 18:48:20]--[src_cgi/login_cgi.c:304]--token = da1a8af8d07a50b97f914bd0fd8ad9ef
[2024-04-28 18:51:27]--[src_cgi/login_cgi.c:288]--buf = {
    "pwd": "e10adc3949ba59abbe56e057f20f883e",
    "user": "dragon"
}

[2024-04-28 18:51:27]--[src_cgi/login_cgi.c:295]--user = dragon, pwd = e10adc3949ba59abbe56e057f20f883e
[2024-04-28 18:51:27]--[src_cgi/login_cgi.c:101]--mysql_user = root, mysql_pwd = 15774756186, mysql_db = cloud_disk
[2024-04-28 18:51:27]--[src_cgi/login_cgi.c:161]--redis:[ip=127.0.0.1,port=6379]
[2024-04-28 18:51:27]--[src_cgi/login_cgi.c:185]--tmp = dragon519773696360
[2024-04-28 18:51:27]--[src_cgi/login_cgi.c:201]--base64 = kakicAABMRNOZslZ3kkJ2Zl8FvPAEVUq
[2024-04-28 18:51:27]--[src_cgi/login_cgi.c:304]--token = 26c1833bf7a950951d2f2e2b761f864b
[2024-04-28 18:53:53]--[src_cgi/login_cgi.c:288]--buf = {
    "pwd": "e10adc3949ba59abbe56e057f20f883e",
    "user": "dragon"
}

[2024-04-28 18:53:53]--[src_cgi/login_cgi.c:295]--user = dragon, pwd = e10adc3949ba59abbe56e057f20f883e
[2024-04-28 18:53:53]--[src_cgi/login_cgi.c:101]--mysql_user = root, mysql_pwd = 15774756186, mysql_db = cloud_disk
[2024-04-28 18:53:53]--[src_cgi/login_cgi.c:161]--redis:[ip=127.0.0.1,port=6379]
[2024-04-28 18:53:53]--[src_cgi/login_cgi.c:185]--tmp = dragon4610328518
[2024-04-28 18:53:53]--[src_cgi/login_cgi.c:201]--base64 = 4PZctr3YB5PF0gwwRxZGUC0ZxLNK7pNJ
[2024-04-28 18:53:53]--[src_cgi/login_cgi.c:304]--token = 12820f9824945472c95ead8c18c0ea3a
[2024-04-28 18:56:18]--[src_cgi/login_cgi.c:288]--buf = {
    "pwd": "e10adc3949ba59abbe56e057f20f883e",
    "user": "dragon"
}

[2024-04-28 18:56:18]--[src_cgi/login_cgi.c:295]--user = dragon, pwd = e10adc3949ba59abbe56e057f20f883e
[2024-04-28 18:56:18]--[src_cgi/login_cgi.c:101]--mysql_user = root, mysql_pwd = 15774756186, mysql_db = cloud_disk
[2024-04-28 18:56:18]--[src_cgi/login_cgi.c:161]--redis:[ip=127.0.0.1,port=6379]
[2024-04-28 18:56:18]--[src_cgi/login_cgi.c:185]--tmp = dragon870193310124
[2024-04-28 18:56:18]--[src_cgi/login_cgi.c:201]--base64 = Lb8d5jYD3WLNO1nUsHVtKsV8rVOnMIbf
[2024-04-28 18:56:18]--[src_cgi/login_cgi.c:304]--token = 93bd844422e9e1bc3559669b5bb9886d
[2024-04-28 18:57:23]--[src_cgi/login_cgi.c:288]--buf = {
    "pwd": "e10adc3949ba59abbe56e057f20f883e",
    "user": "dragon"
}

[2024-04-28 18:57:23]--[src_cgi/login_cgi.c:295]--user = dragon, pwd = e10adc3949ba59abbe56e057f20f883e
[2024-04-28 18:57:23]--[src_cgi/login_cgi.c:101]--mysql_user = root, mysql_pwd = 15774756186, mysql_db = cloud_disk
[2024-04-28 18:57:23]--[src_cgi/login_cgi.c:161]--redis:[ip=127.0.0.1,port=6379]
[2024-04-28 18:57:23]--[src_cgi/login_cgi.c:185]--tmp = dragon251858402805
[2024-04-28 18:57:23]--[src_cgi/login_cgi.c:201]--base64 = OKYny+mWaOh7kANu35gIsmHSRqDL+GNi
[2024-04-28 18:57:23]--[src_cgi/login_cgi.c:304]--token = c587b5ace5efc96a624fd8438348ebf5
[2024-04-28 19:01:17]--[src_cgi/login_cgi.c:288]--buf = {
    "pwd": "e10adc3949ba59abbe56e057f20f883e",
    "user": "dragon"
}

[2024-04-28 19:01:17]--[src_cgi/login_cgi.c:295]--user = dragon, pwd = e10adc3949ba59abbe56e057f20f883e
[2024-04-28 19:01:17]--[src_cgi/login_cgi.c:101]--mysql_user = root, mysql_pwd = 15774756186, mysql_db = cloud_disk
[2024-04-28 19:01:17]--[src_cgi/login_cgi.c:161]--redis:[ip=127.0.0.1,port=6379]
[2024-04-28 19:01:17]--[src_cgi/login_cgi.c:185]--tmp = dragon41944546414
[2024-04-28 19:01:17]--[src_cgi/login_cgi.c:201]--base64 = +w6rxQkv+b7AF9nNIJmHIZ+HwxKUAZ0k
[2024-04-28 19:01:17]--[src_cgi/login_cgi.c:304]--token = 9a38f1626d374bcd77ab486039ab40e1
[2024-04-28 19:05:50]--[src_cgi/login_cgi.c:288]--buf = {
    "pwd": "e10adc3949ba59abbe56e057f20f883e",
    "user": "dragon"
}

[2024-04-28 19:05:50]--[src_cgi/login_cgi.c:295]--user = dragon, pwd = e10adc3949ba59abbe56e057f20f883e
[2024-04-28 19:05:50]--[src_cgi/login_cgi.c:101]--mysql_user = root, mysql_pwd = 15774756186, mysql_db = cloud_disk
[2024-04-28 19:05:50]--[src_cgi/login_cgi.c:161]--redis:[ip=127.0.0.1,port=6379]
[2024-04-28 19:05:50]--[src_cgi/login_cgi.c:185]--tmp = dragon177600596710
[2024-04-28 19:05:50]--[src_cgi/login_cgi.c:201]--base64 = dFqaVTbD5UWx7E9fBVbeqah3wOkbckkh
[2024-04-28 19:05:50]--[src_cgi/login_cgi.c:304]--token = f9281c6afa68bdc0ba76374ba1a71327
[2024-04-28 19:08:24]--[src_cgi/login_cgi.c:288]--buf = {
    "pwd": "e10adc3949ba59abbe56e057f20f883e",
    "user": "dragon"
}

[2024-04-28 19:08:24]--[src_cgi/login_cgi.c:295]--user = dragon, pwd = e10adc3949ba59abbe56e057f20f883e
[2024-04-28 19:08:24]--[src_cgi/login_cgi.c:101]--mysql_user = root, mysql_pwd = 15774756186, mysql_db = cloud_disk
[2024-04-28 19:08:24]--[src_cgi/login_cgi.c:161]--redis:[ip=127.0.0.1,port=6379]
[2024-04-28 19:08:24]--[src_cgi/login_cgi.c:185]--tmp = dragon552375984696
[2024-04-28 19:08:24]--[src_cgi/login_cgi.c:201]--base64 = Rj7jsJ5+E/jufab3LgfdJ47osQwnCBRq
[2024-04-28 19:08:24]--[src_cgi/login_cgi.c:304]--token = 5ef35038b4c3f9430b5800ddd0a76f6c
[2024-04-28 19:24:07]--[src_cgi/login_cgi.c:288]--buf = {
    "pwd": "e10adc3949ba59abbe56e057f20f883e",
    "user": "dragon"
}

[2024-04-28 19:24:07]--[src_cgi/login_cgi.c:295]--user = dragon, pwd = e10adc3949ba59abbe56e057f20f883e
[2024-04-28 19:24:07]--[src_cgi/login_cgi.c:101]--mysql_user = root, mysql_pwd = 15774756186, mysql_db = cloud_disk
[2024-04-28 19:24:07]--[src_cgi/login_cgi.c:161]--redis:[ip=127.0.0.1,port=6379]
[2024-04-28 19:24:07]--[src_cgi/login_cgi.c:185]--tmp = dragon899737220663
[2024-04-28 19:24:07]--[src_cgi/login_cgi.c:201]--base64 = OoxqmCI4C6R/dx/6jah5TbWCdmo+rLmr
[2024-04-28 19:24:07]--[src_cgi/login_cgi.c:304]--token = 1ca43520044862680de616266628265f
[2024-04-28 19:26:34]--[src_cgi/login_cgi.c:288]--buf = {
    "pwd": "e10adc3949ba59abbe56e057f20f883e",
    "user": "dragon"
}

[2024-04-28 19:26:34]--[src_cgi/login_cgi.c:295]--user = dragon, pwd = e10adc3949ba59abbe56e057f20f883e
[2024-04-28 19:26:34]--[src_cgi/login_cgi.c:101]--mysql_user = root, mysql_pwd = 15774756186, mysql_db = cloud_disk
[2024-04-28 19:26:34]--[src_cgi/login_cgi.c:161]--redis:[ip=127.0.0.1,port=6379]
[2024-04-28 19:26:34]--[src_cgi/login_cgi.c:185]--tmp = dragon58755785416
[2024-04-28 19:26:34]--[src_cgi/login_cgi.c:201]--base64 = ylPyr7QMt8g7EuPMHBECnOwb1egIr+tu
[2024-04-28 19:26:34]--[src_cgi/login_cgi.c:304]--token = 45b9210d76bda913f0a435ec435ff180
[2024-04-28 19:29:43]--[src_cgi/login_cgi.c:288]--buf = {
    "pwd": "e10adc3949ba59abbe56e057f20f883e",
    "user": "dragon"
}

[2024-04-28 19:29:43]--[src_cgi/login_cgi.c:295]--user = dragon, pwd = e10adc3949ba59abbe56e057f20f883e
[2024-04-28 19:29:43]--[src_cgi/login_cgi.c:101]--mysql_user = root, mysql_pwd = 15774756186, mysql_db = cloud_disk
[2024-04-28 19:29:43]--[src_cgi/login_cgi.c:161]--redis:[ip=127.0.0.1,port=6379]
[2024-04-28 19:29:43]--[src_cgi/login_cgi.c:185]--tmp = dragon374709363942
[2024-04-28 19:29:43]--[src_cgi/login_cgi.c:201]--base64 = YWFRSQ08nzlR+G0UOgzK9tmw0NtRZlve
[2024-04-28 19:29:43]--[src_cgi/login_cgi.c:304]--token = d56982670ce934ec1baf93731eea492f
[2024-04-28 19:32:49]--[src_cgi/login_cgi.c:288]--buf = {
    "pwd": "e10adc3949ba59abbe56e057f20f883e",
    "user": "dragon"
}

[2024-04-28 19:32:49]--[src_cgi/login_cgi.c:295]--user = dragon, pwd = e10adc3949ba59abbe56e057f20f883e
[2024-04-28 19:32:49]--[src_cgi/login_cgi.c:101]--mysql_user = root, mysql_pwd = 15774756186, mysql_db = cloud_disk
[2024-04-28 19:32:49]--[src_cgi/login_cgi.c:161]--redis:[ip=127.0.0.1,port=6379]
[2024-04-28 19:32:49]--[src_cgi/login_cgi.c:185]--tmp = dragon977590744644
[2024-04-28 19:32:49]--[src_cgi/login_cgi.c:201]--base64 = yc5ptwXeQQmE1ppssJT4tvtxuHxmGYsH
[2024-04-28 19:32:49]--[src_cgi/login_cgi.c:304]--token = abefb5703e6d82ddec85504460a65625
[2024-04-28 19:33:32]--[src_cgi/login_cgi.c:288]--buf = {
    "pwd": "e10adc3949ba59abbe56e057f20f883e",
    "user": "dragon"
}

[2024-04-28 19:33:32]--[src_cgi/login_cgi.c:295]--user = dragon, pwd = e10adc3949ba59abbe56e057f20f883e
[2024-04-28 19:33:32]--[src_cgi/login_cgi.c:101]--mysql_user = root, mysql_pwd = 15774756186, mysql_db = cloud_disk
[2024-04-28 19:33:32]--[src_cgi/login_cgi.c:161]--redis:[ip=127.0.0.1,port=6379]
[2024-04-28 19:33:32]--[src_cgi/login_cgi.c:185]--tmp = dragon763630314376
[2024-04-28 19:33:32]--[src_cgi/login_cgi.c:201]--base64 = ScHHyNB9BLmlE6X90pqYAiGhuN4uFXhu
[2024-04-28 19:33:32]--[src_cgi/login_cgi.c:304]--token = aab6efc862071856c5b3319931755ed4
[2024-04-28 19:35:34]--[src_cgi/login_cgi.c:288]--buf = {
    "pwd": "e10adc3949ba59abbe56e057f20f883e",
    "user": "dragon"
}

[2024-04-28 19:35:34]--[src_cgi/login_cgi.c:295]--user = dragon, pwd = e10adc3949ba59abbe56e057f20f883e
[2024-04-28 19:35:34]--[src_cgi/login_cgi.c:101]--mysql_user = root, mysql_pwd = 15774756186, mysql_db = cloud_disk
[2024-04-28 19:35:34]--[src_cgi/login_cgi.c:161]--redis:[ip=127.0.0.1,port=6379]
[2024-04-28 19:35:34]--[src_cgi/login_cgi.c:185]--tmp = dragon980294120373
[2024-04-28 19:35:34]--[src_cgi/login_cgi.c:201]--base64 = yJmQH2776FIsDIm/n1GhCsT0FSw9jqBw
[2024-04-28 19:35:34]--[src_cgi/login_cgi.c:304]--token = 93747a991d7620a2150f466197f12e3b
[2024-04-28 19:39:02]--[src_cgi/login_cgi.c:288]--buf = {
    "pwd": "e10adc3949ba59abbe56e057f20f883e",
    "user": "dragon"
}

[2024-04-28 19:39:02]--[src_cgi/login_cgi.c:295]--user = dragon, pwd = e10adc3949ba59abbe56e057f20f883e
[2024-04-28 19:39:02]--[src_cgi/login_cgi.c:101]--mysql_user = root, mysql_pwd = 15774756186, mysql_db = cloud_disk
[2024-04-28 19:39:02]--[src_cgi/login_cgi.c:161]--redis:[ip=127.0.0.1,port=6379]
[2024-04-28 19:39:02]--[src_cgi/login_cgi.c:185]--tmp = dragon99450462658
[2024-04-28 19:39:02]--[src_cgi/login_cgi.c:201]--base64 = JXvM3O72qL1IytTt+qa9TlSLR+LwC1FL
[2024-04-28 19:39:02]--[src_cgi/login_cgi.c:304]--token = 30dbeaeb7958e547f2da25cbc69ca7eb
[2024-04-28 19:41:05]--[src_cgi/login_cgi.c:288]--buf = {
    "pwd": "e10adc3949ba59abbe56e057f20f883e",
    "user": "dragon"
}

[2024-04-28 19:41:05]--[src_cgi/login_cgi.c:295]--user = dragon, pwd = e10adc3949ba59abbe56e057f20f883e
[2024-04-28 19:41:05]--[src_cgi/login_cgi.c:101]--mysql_user = root, mysql_pwd = 15774756186, mysql_db = cloud_disk
[2024-04-28 19:41:05]--[src_cgi/login_cgi.c:161]--redis:[ip=127.0.0.1,port=6379]
[2024-04-28 19:41:05]--[src_cgi/login_cgi.c:185]--tmp = dragon50403116528
[2024-04-28 19:41:05]--[src_cgi/login_cgi.c:201]--base64 = 2jZcwE1RjAbNrw+CkC3UTVSLR+LwC1FL
[2024-04-28 19:41:05]--[src_cgi/login_cgi.c:304]--token = 31e277da9b74a49ea5946a95fbae6ead
[2024-04-28 19:43:10]--[src_cgi/login_cgi.c:288]--buf = {
    "pwd": "e10adc3949ba59abbe56e057f20f883e",
    "user": "dragon"
}

[2024-04-28 19:43:10]--[src_cgi/login_cgi.c:295]--user = dragon, pwd = e10adc3949ba59abbe56e057f20f883e
[2024-04-28 19:43:10]--[src_cgi/login_cgi.c:101]--mysql_user = root, mysql_pwd = 15774756186, mysql_db = cloud_disk
[2024-04-28 19:43:10]--[src_cgi/login_cgi.c:161]--redis:[ip=127.0.0.1,port=6379]
[2024-04-28 19:43:10]--[src_cgi/login_cgi.c:185]--tmp = dragon755924603116
[2024-04-28 19:43:10]--[src_cgi/login_cgi.c:201]--base64 = 4Ql5df7P1RGJY5CejzslwmTkXdgYvned
[2024-04-28 19:43:10]--[src_cgi/login_cgi.c:304]--token = dfb5eddc642ff1fe2dd052a2411539c9
[2024-04-28 19:46:18]--[src_cgi/login_cgi.c:288]--buf = {
    "pwd": "e10adc3949ba59abbe56e057f20f883e",
    "user": "dragon"
}

[2024-04-28 19:46:18]--[src_cgi/login_cgi.c:295]--user = dragon, pwd = e10adc3949ba59abbe56e057f20f883e
[2024-04-28 19:46:18]--[src_cgi/login_cgi.c:101]--mysql_user = root, mysql_pwd = 15774756186, mysql_db = cloud_disk
[2024-04-28 19:46:18]--[src_cgi/login_cgi.c:161]--redis:[ip=127.0.0.1,port=6379]
[2024-04-28 19:46:18]--[src_cgi/login_cgi.c:185]--tmp = dragon735470147881
[2024-04-28 19:46:18]--[src_cgi/login_cgi.c:201]--base64 = p3V9oATBjn+HxdCAmNAjWfw0M40aBkHg
[2024-04-28 19:46:18]--[src_cgi/login_cgi.c:304]--token = 81733b262e1a7f7ab70fba28674373df
[2024-04-28 19:50:39]--[src_cgi/login_cgi.c:288]--buf = {
    "pwd": "e10adc3949ba59abbe56e057f20f883e",
    "user": "dragon"
}

[2024-04-28 19:50:39]--[src_cgi/login_cgi.c:295]--user = dragon, pwd = e10adc3949ba59abbe56e057f20f883e
[2024-04-28 19:50:39]--[src_cgi/login_cgi.c:101]--mysql_user = root, mysql_pwd = 15774756186, mysql_db = cloud_disk
[2024-04-28 19:50:39]--[src_cgi/login_cgi.c:161]--redis:[ip=127.0.0.1,port=6379]
[2024-04-28 19:50:39]--[src_cgi/login_cgi.c:185]--tmp = dragon165403340574
[2024-04-28 19:50:39]--[src_cgi/login_cgi.c:201]--base64 = O5Pn3ftyK0vQTbI2WhLW8PvzbW9+CJg1
[2024-04-28 19:50:39]--[src_cgi/login_cgi.c:304]--token = 02fe9fbe59115617d6146eeabd65b390
[2024-04-28 19:53:30]--[src_cgi/login_cgi.c:288]--buf = {
    "pwd": "e10adc3949ba59abbe56e057f20f883e",
    "user": "dragon"
}

[2024-04-28 19:53:30]--[src_cgi/login_cgi.c:295]--user = dragon, pwd = e10adc3949ba59abbe56e057f20f883e
[2024-04-28 19:53:30]--[src_cgi/login_cgi.c:101]--mysql_user = root, mysql_pwd = 15774756186, mysql_db = cloud_disk
[2024-04-28 19:53:30]--[src_cgi/login_cgi.c:161]--redis:[ip=127.0.0.1,port=6379]
[2024-04-28 19:53:30]--[src_cgi/login_cgi.c:185]--tmp = dragon409349905394
[2024-04-28 19:53:30]--[src_cgi/login_cgi.c:201]--base64 = 6rb1JgWquu331BidpOpi9mlOQHIHTRgB
[2024-04-28 19:53:30]--[src_cgi/login_cgi.c:304]--token = e3abad77aa2f19691a0d5b26e2960a1e
[2024-04-28 20:04:24]--[src_cgi/login_cgi.c:288]--buf = {
    "pwd": "e10adc3949ba59abbe56e057f20f883e",
    "user": "dragon"
}

[2024-04-28 20:04:24]--[src_cgi/login_cgi.c:295]--user = dragon, pwd = e10adc3949ba59abbe56e057f20f883e
[2024-04-28 20:04:24]--[src_cgi/login_cgi.c:101]--mysql_user = root, mysql_pwd = 15774756186, mysql_db = cloud_disk
[2024-04-28 20:04:24]--[src_cgi/login_cgi.c:161]--redis:[ip=127.0.0.1,port=6379]
[2024-04-28 20:04:24]--[src_cgi/login_cgi.c:185]--tmp = dragon505932858561
[2024-04-28 20:04:24]--[src_cgi/login_cgi.c:201]--base64 = 2jZcwE1RjAZFhARS+LK3yil3ZDauZntp
[2024-04-28 20:04:24]--[src_cgi/login_cgi.c:304]--token = cbd77ba59d051777f833c531d6c8d75e
[2024-04-28 20:43:04]--[src_cgi/login_cgi.c:288]--buf = {
    "pwd": "e10adc3949ba59abbe56e057f20f883e",
    "user": "dragon"
}

[2024-04-28 20:43:04]--[src_cgi/login_cgi.c:295]--user = dragon, pwd = e10adc3949ba59abbe56e057f20f883e
[2024-04-28 20:43:04]--[src_cgi/login_cgi.c:101]--mysql_user = root, mysql_pwd = 15774756186, mysql_db = cloud_disk
[2024-04-28 20:43:04]--[src_cgi/login_cgi.c:161]--redis:[ip=127.0.0.1,port=6379]
[2024-04-28 20:43:04]--[src_cgi/login_cgi.c:185]--tmp = dragon790486425969
[2024-04-28 20:43:04]--[src_cgi/login_cgi.c:201]--base64 = +H6ovaZKcS5aBqXOjNCZFLfbo34/czX8
[2024-04-28 20:43:04]--[src_cgi/login_cgi.c:304]--token = 4ae085e9d256341e81e4503a6a7bb08a
