[2024-04-29 15:41:49]--[src_cgi/login_cgi.c:288]--buf = {
    "pwd": "e10adc3949ba59abbe56e057f20f883e",
    "user": "dragon"
}

[2024-04-29 15:41:49]--[src_cgi/login_cgi.c:295]--user = dragon, pwd = e10adc3949ba59abbe56e057f20f883e
[2024-04-29 15:41:49]--[src_cgi/login_cgi.c:101]--mysql_user = root, mysql_pwd = 15774756186, mysql_db = cloud_disk
[2024-04-29 15:41:49]--[src_cgi/login_cgi.c:161]--redis:[ip=127.0.0.1,port=6379]
[2024-04-29 15:41:49]--[src_cgi/login_cgi.c:185]--tmp = dragon80553135298
[2024-04-29 15:41:49]--[src_cgi/login_cgi.c:201]--base64 = /lk8/oi2q9LGlmfzHbgJ6FSLR+LwC1FL
[2024-04-29 15:41:49]--[src_cgi/login_cgi.c:304]--token = 303e4f21680ebe7d07b875c01c3229a0
[2024-04-29 15:43:18]--[src_cgi/login_cgi.c:288]--buf = {
    "pwd": "e10adc3949ba59abbe56e057f20f883e",
    "user": "dragon"
}

[2024-04-29 15:43:18]--[src_cgi/login_cgi.c:295]--user = dragon, pwd = e10adc3949ba59abbe56e057f20f883e
[2024-04-29 15:43:18]--[src_cgi/login_cgi.c:101]--mysql_user = root, mysql_pwd = 15774756186, mysql_db = cloud_disk
[2024-04-29 15:43:18]--[src_cgi/login_cgi.c:161]--redis:[ip=127.0.0.1,port=6379]
[2024-04-29 15:43:18]--[src_cgi/login_cgi.c:185]--tmp = dragon1336230586
[2024-04-29 15:43:18]--[src_cgi/login_cgi.c:201]--base64 = FiCxnPiCrVuRlhrrbNinkC0ZxLNK7pNJ
[2024-04-29 15:43:18]--[src_cgi/login_cgi.c:304]--token = 22b238df9a8fecf3997a6e4a3d56c93a
[2024-04-29 15:47:20]--[src_cgi/login_cgi.c:288]--buf = {
    "pwd": "e10adc3949ba59abbe56e057f20f883e",
    "user": "dragon"
}

[2024-04-29 15:47:20]--[src_cgi/login_cgi.c:295]--user = dragon, pwd = e10adc3949ba59abbe56e057f20f883e
[2024-04-29 15:47:20]--[src_cgi/login_cgi.c:101]--mysql_user = root, mysql_pwd = 15774756186, mysql_db = cloud_disk
[2024-04-29 15:47:20]--[src_cgi/login_cgi.c:161]--redis:[ip=127.0.0.1,port=6379]
[2024-04-29 15:47:20]--[src_cgi/login_cgi.c:185]--tmp = dragon8159452975
[2024-04-29 15:47:20]--[src_cgi/login_cgi.c:201]--base64 = +ryGlgTRxJZfUL2rzl5XtC0ZxLNK7pNJ
[2024-04-29 15:47:20]--[src_cgi/login_cgi.c:304]--token = b80b5fe7749fa8ec74a9276b44194118
[2024-04-29 15:48:31]--[src_cgi/login_cgi.c:288]--buf = {
    "pwd": "e10adc3949ba59abbe56e057f20f883e",
    "user": "dragon"
}

[2024-04-29 15:48:31]--[src_cgi/login_cgi.c:295]--user = dragon, pwd = e10adc3949ba59abbe56e057f20f883e
[2024-04-29 15:48:31]--[src_cgi/login_cgi.c:101]--mysql_user = root, mysql_pwd = 15774756186, mysql_db = cloud_disk
[2024-04-29 15:48:31]--[src_cgi/login_cgi.c:161]--redis:[ip=127.0.0.1,port=6379]
[2024-04-29 15:48:31]--[src_cgi/login_cgi.c:185]--tmp = dragon636858506629
[2024-04-29 15:48:31]--[src_cgi/login_cgi.c:201]--base64 = 7bKDY1dWTPSUnY2fGCuHBBghwy32gsog
[2024-04-29 15:48:31]--[src_cgi/login_cgi.c:304]--token = d17d467a9c43354751d093214c08811c
[2024-04-29 15:52:52]--[src_cgi/login_cgi.c:288]--buf = {
    "pwd": "e10adc3949ba59abbe56e057f20f883e",
    "user": "dragon"
}

[2024-04-29 15:52:52]--[src_cgi/login_cgi.c:295]--user = dragon, pwd = e10adc3949ba59abbe56e057f20f883e
[2024-04-29 15:52:52]--[src_cgi/login_cgi.c:101]--mysql_user = root, mysql_pwd = 15774756186, mysql_db = cloud_disk
[2024-04-29 15:52:52]--[src_cgi/login_cgi.c:161]--redis:[ip=127.0.0.1,port=6379]
[2024-04-29 15:52:52]--[src_cgi/login_cgi.c:185]--tmp = dragon455310859336
[2024-04-29 15:52:52]--[src_cgi/login_cgi.c:201]--base64 = 7bliBC7JhkvRUsY9ZtYZ3QjihW4FJedR
[2024-04-29 15:52:52]--[src_cgi/login_cgi.c:304]--token = 13e72edf6afb18c5e146e7ddc1b427b1
[2024-04-29 15:58:30]--[src_cgi/login_cgi.c:288]--buf = {
    "pwd": "e10adc3949ba59abbe56e057f20f883e",
    "user": "dragon"
}

[2024-04-29 15:58:30]--[src_cgi/login_cgi.c:295]--user = dragon, pwd = e10adc3949ba59abbe56e057f20f883e
[2024-04-29 15:58:30]--[src_cgi/login_cgi.c:101]--mysql_user = root, mysql_pwd = 15774756186, mysql_db = cloud_disk
[2024-04-29 15:58:30]--[src_cgi/login_cgi.c:161]--redis:[ip=127.0.0.1,port=6379]
[2024-04-29 15:58:30]--[src_cgi/login_cgi.c:185]--tmp = dragon361751418813
[2024-04-29 15:58:30]--[src_cgi/login_cgi.c:201]--base64 = G3rbOA/3tE7lq6FhQ/fHnzRwIA7p76LA
[2024-04-29 15:58:30]--[src_cgi/login_cgi.c:304]--token = 09b7a5e11d3b1651043a955675d0f430
[2024-04-29 16:13:27]--[src_cgi/login_cgi.c:288]--buf = {
    "pwd": "e10adc3949ba59abbe56e057f20f883e",
    "user": "dragon"
}

[2024-04-29 16:13:27]--[src_cgi/login_cgi.c:295]--user = dragon, pwd = e10adc3949ba59abbe56e057f20f883e
[2024-04-29 16:13:27]--[src_cgi/login_cgi.c:101]--mysql_user = root, mysql_pwd = 15774756186, mysql_db = cloud_disk
[2024-04-29 16:13:27]--[src_cgi/login_cgi.c:161]--redis:[ip=127.0.0.1,port=6379]
[2024-04-29 16:13:27]--[src_cgi/login_cgi.c:185]--tmp = dragon354103675976
[2024-04-29 16:13:27]--[src_cgi/login_cgi.c:201]--base64 = sI9ET24lA2Lmw1PE1FwDziGhuN4uFXhu
[2024-04-29 16:13:27]--[src_cgi/login_cgi.c:304]--token = 3266443f844e0aba6403508d5911d8ee
[2024-04-29 16:19:22]--[src_cgi/login_cgi.c:288]--buf = {
    "pwd": "e10adc3949ba59abbe56e057f20f883e",
    "user": "dragon"
}

[2024-04-29 16:19:22]--[src_cgi/login_cgi.c:295]--user = dragon, pwd = e10adc3949ba59abbe56e057f20f883e
[2024-04-29 16:19:22]--[src_cgi/login_cgi.c:101]--mysql_user = root, mysql_pwd = 15774756186, mysql_db = cloud_disk
[2024-04-29 16:19:22]--[src_cgi/login_cgi.c:161]--redis:[ip=127.0.0.1,port=6379]
[2024-04-29 16:19:22]--[src_cgi/login_cgi.c:185]--tmp = dragon5148573888
[2024-04-29 16:19:22]--[src_cgi/login_cgi.c:201]--base64 = kakicAABMRPM0QKV9sabay0ZxLNK7pNJ
[2024-04-29 16:19:22]--[src_cgi/login_cgi.c:304]--token = 3feb1f9f33662ceb22e1f4199ebe98ac
[2024-04-29 16:22:21]--[src_cgi/login_cgi.c:288]--buf = {
    "pwd": "e10adc3949ba59abbe56e057f20f883e",
    "user": "dragon"
}

[2024-04-29 16:22:21]--[src_cgi/login_cgi.c:295]--user = dragon, pwd = e10adc3949ba59abbe56e057f20f883e
[2024-04-29 16:22:21]--[src_cgi/login_cgi.c:101]--mysql_user = root, mysql_pwd = 15774756186, mysql_db = cloud_disk
[2024-04-29 16:22:21]--[src_cgi/login_cgi.c:161]--redis:[ip=127.0.0.1,port=6379]
[2024-04-29 16:22:21]--[src_cgi/login_cgi.c:185]--tmp = dragon597850303763
[2024-04-29 16:22:21]--[src_cgi/login_cgi.c:201]--base64 = ympeKD8ES/jf40HfldV7XLWCdmo+rLmr
[2024-04-29 16:22:21]--[src_cgi/login_cgi.c:304]--token = f0dfde1b24518ade07a357a33d564edb
[2024-04-29 16:24:01]--[src_cgi/login_cgi.c:288]--buf = {
    "pwd": "e10adc3949ba59abbe56e057f20f883e",
    "user": "dragon"
}

[2024-04-29 16:24:01]--[src_cgi/login_cgi.c:295]--user = dragon, pwd = e10adc3949ba59abbe56e057f20f883e
[2024-04-29 16:24:01]--[src_cgi/login_cgi.c:101]--mysql_user = root, mysql_pwd = 15774756186, mysql_db = cloud_disk
[2024-04-29 16:24:01]--[src_cgi/login_cgi.c:161]--redis:[ip=127.0.0.1,port=6379]
[2024-04-29 16:24:01]--[src_cgi/login_cgi.c:185]--tmp = dragon835706864203
[2024-04-29 16:24:01]--[src_cgi/login_cgi.c:201]--base64 = DP4bDAS/6kgKga24vtfdoxTgMpQIUPOt
[2024-04-29 16:24:01]--[src_cgi/login_cgi.c:304]--token = 7965c22aec8f6a3e79ff8ba4b1597f90
[2024-04-29 16:26:06]--[src_cgi/login_cgi.c:288]--buf = {
    "pwd": "e10adc3949ba59abbe56e057f20f883e",
    "user": "dragon"
}

[2024-04-29 16:26:06]--[src_cgi/login_cgi.c:295]--user = dragon, pwd = e10adc3949ba59abbe56e057f20f883e
[2024-04-29 16:26:06]--[src_cgi/login_cgi.c:101]--mysql_user = root, mysql_pwd = 15774756186, mysql_db = cloud_disk
[2024-04-29 16:26:06]--[src_cgi/login_cgi.c:161]--redis:[ip=127.0.0.1,port=6379]
[2024-04-29 16:26:06]--[src_cgi/login_cgi.c:185]--tmp = dragon57176083135
[2024-04-29 16:26:06]--[src_cgi/login_cgi.c:201]--base64 = sr+0hUszJc+WFrS5po4D7G+Ut+5trQL2
[2024-04-29 16:26:06]--[src_cgi/login_cgi.c:304]--token = 1e0178a243595b670128f82145944fd4
[2024-04-29 16:30:52]--[src_cgi/login_cgi.c:288]--buf = {
    "pwd": "e10adc3949ba59abbe56e057f20f883e",
    "user": "dragon"
}

[2024-04-29 16:30:52]--[src_cgi/login_cgi.c:295]--user = dragon, pwd = e10adc3949ba59abbe56e057f20f883e
[2024-04-29 16:30:52]--[src_cgi/login_cgi.c:101]--mysql_user = root, mysql_pwd = 15774756186, mysql_db = cloud_disk
[2024-04-29 16:30:52]--[src_cgi/login_cgi.c:161]--redis:[ip=127.0.0.1,port=6379]
[2024-04-29 16:30:52]--[src_cgi/login_cgi.c:185]--tmp = dragon433993152254
[2024-04-29 16:30:52]--[src_cgi/login_cgi.c:201]--base64 = 7+sYG46Ikmxsnfn1QDMHujPWXvuusOz5
[2024-04-29 16:30:52]--[src_cgi/login_cgi.c:304]--token = cf2c4db1d113575065a2e3dac9b3809e
[2024-04-29 16:32:27]--[src_cgi/login_cgi.c:288]--buf = {
    "pwd": "e10adc3949ba59abbe56e057f20f883e",
    "user": "dragon"
}

[2024-04-29 16:32:27]--[src_cgi/login_cgi.c:295]--user = dragon, pwd = e10adc3949ba59abbe56e057f20f883e
[2024-04-29 16:32:27]--[src_cgi/login_cgi.c:101]--mysql_user = root, mysql_pwd = 15774756186, mysql_db = cloud_disk
[2024-04-29 16:32:27]--[src_cgi/login_cgi.c:161]--redis:[ip=127.0.0.1,port=6379]
[2024-04-29 16:32:27]--[src_cgi/login_cgi.c:185]--tmp = dragon586376166426
[2024-04-29 16:32:27]--[src_cgi/login_cgi.c:201]--base64 = ylPyr7QMt8ii0sE7pSgMrbPY2BLG3s+D
[2024-04-29 16:32:27]--[src_cgi/login_cgi.c:304]--token = cf251962d4bbb4ec54ff75d41943a79b
[2024-04-29 16:32:57]--[src_cgi/login_cgi.c:288]--buf = {
    "pwd": "e10adc3949ba59abbe56e057f20f883e",
    "user": "dragon"
}

[2024-04-29 16:32:57]--[src_cgi/login_cgi.c:295]--user = dragon, pwd = e10adc3949ba59abbe56e057f20f883e
[2024-04-29 16:32:57]--[src_cgi/login_cgi.c:101]--mysql_user = root, mysql_pwd = 15774756186, mysql_db = cloud_disk
[2024-04-29 16:32:57]--[src_cgi/login_cgi.c:161]--redis:[ip=127.0.0.1,port=6379]
[2024-04-29 16:32:57]--[src_cgi/login_cgi.c:185]--tmp = dragon5917343917
[2024-04-29 16:32:57]--[src_cgi/login_cgi.c:201]--base64 = ympeKD8ES/ipjdpZDa87ty0ZxLNK7pNJ
[2024-04-29 16:32:57]--[src_cgi/login_cgi.c:304]--token = 08afd39b43540377e362277232aea3b5
[2024-04-29 16:33:58]--[src_cgi/login_cgi.c:288]--buf = {
    "pwd": "e10adc3949ba59abbe56e057f20f883e",
    "user": "dragon"
}

[2024-04-29 16:33:58]--[src_cgi/login_cgi.c:295]--user = dragon, pwd = e10adc3949ba59abbe56e057f20f883e
[2024-04-29 16:33:58]--[src_cgi/login_cgi.c:101]--mysql_user = root, mysql_pwd = 15774756186, mysql_db = cloud_disk
[2024-04-29 16:33:58]--[src_cgi/login_cgi.c:161]--redis:[ip=127.0.0.1,port=6379]
[2024-04-29 16:33:58]--[src_cgi/login_cgi.c:185]--tmp = dragon399126984815
[2024-04-29 16:33:58]--[src_cgi/login_cgi.c:201]--base64 = rXopXGlP/PP1VdtDdLWrUYkGY2TdE/kP
[2024-04-29 16:33:58]--[src_cgi/login_cgi.c:304]--token = 3ba8be50ae6dfd8e9155e61fe40cd8c4
[2024-04-29 16:34:14]--[src_cgi/login_cgi.c:288]--buf = {
    "pwd": "e10adc3949ba59abbe56e057f20f883e",
    "user": "dragon"
}

[2024-04-29 16:34:14]--[src_cgi/login_cgi.c:295]--user = dragon, pwd = e10adc3949ba59abbe56e057f20f883e
[2024-04-29 16:34:14]--[src_cgi/login_cgi.c:101]--mysql_user = root, mysql_pwd = 15774756186, mysql_db = cloud_disk
[2024-04-29 16:34:14]--[src_cgi/login_cgi.c:161]--redis:[ip=127.0.0.1,port=6379]
[2024-04-29 16:34:14]--[src_cgi/login_cgi.c:185]--tmp = dragon1127950220
[2024-04-29 16:34:14]--[src_cgi/login_cgi.c:201]--base64 = dEZg4P/eVVChRnVwJigO3i0ZxLNK7pNJ
[2024-04-29 16:34:14]--[src_cgi/login_cgi.c:304]--token = 6a4da3af68a03503eccb90f07b846165
[2024-04-29 16:34:40]--[src_cgi/login_cgi.c:288]--buf = {
    "pwd": "e10adc3949ba59abbe56e057f20f883e",
    "user": "dragon"
}

[2024-04-29 16:34:40]--[src_cgi/login_cgi.c:295]--user = dragon, pwd = e10adc3949ba59abbe56e057f20f883e
[2024-04-29 16:34:40]--[src_cgi/login_cgi.c:101]--mysql_user = root, mysql_pwd = 15774756186, mysql_db = cloud_disk
[2024-04-29 16:34:40]--[src_cgi/login_cgi.c:161]--redis:[ip=127.0.0.1,port=6379]
[2024-04-29 16:34:40]--[src_cgi/login_cgi.c:185]--tmp = dragon427377835710
[2024-04-29 16:34:40]--[src_cgi/login_cgi.c:201]--base64 = cuo8fsDSVg+RhbXAkAs4Jqh3wOkbckkh
[2024-04-29 16:34:40]--[src_cgi/login_cgi.c:304]--token = 1ca0acc9c66a9deb35c9c097075d8663
[2024-04-29 16:35:18]--[src_cgi/login_cgi.c:288]--buf = {
    "pwd": "e10adc3949ba59abbe56e057f20f883e",
    "user": "dragon"
}

[2024-04-29 16:35:18]--[src_cgi/login_cgi.c:295]--user = dragon, pwd = e10adc3949ba59abbe56e057f20f883e
[2024-04-29 16:35:18]--[src_cgi/login_cgi.c:101]--mysql_user = root, mysql_pwd = 15774756186, mysql_db = cloud_disk
[2024-04-29 16:35:18]--[src_cgi/login_cgi.c:161]--redis:[ip=127.0.0.1,port=6379]
[2024-04-29 16:35:18]--[src_cgi/login_cgi.c:185]--tmp = dragon490997271976
[2024-04-29 16:35:18]--[src_cgi/login_cgi.c:201]--base64 = 4C1oejuOoHO9iAKvpknvHSGhuN4uFXhu
[2024-04-29 16:35:18]--[src_cgi/login_cgi.c:304]--token = 1296f32f671fe6e01380eae848fc3ace
[2024-04-29 16:36:04]--[src_cgi/login_cgi.c:288]--buf = {
    "pwd": "e10adc3949ba59abbe56e057f20f883e",
    "user": "dragon"
}

[2024-04-29 16:36:04]--[src_cgi/login_cgi.c:295]--user = dragon, pwd = e10adc3949ba59abbe56e057f20f883e
[2024-04-29 16:36:04]--[src_cgi/login_cgi.c:101]--mysql_user = root, mysql_pwd = 15774756186, mysql_db = cloud_disk
[2024-04-29 16:36:04]--[src_cgi/login_cgi.c:161]--redis:[ip=127.0.0.1,port=6379]
[2024-04-29 16:36:04]--[src_cgi/login_cgi.c:185]--tmp = dragon354779428239
[2024-04-29 16:36:04]--[src_cgi/login_cgi.c:201]--base64 = sI9ET24lA2IuTDopsHS5DleBUvKmT2xO
[2024-04-29 16:36:04]--[src_cgi/login_cgi.c:304]--token = cd394de49de6e8a5d0b9d8d692a31579
[2024-04-29 16:36:34]--[src_cgi/login_cgi.c:288]--buf = {
    "pwd": "e10adc3949ba59abbe56e057f20f883e",
    "user": "dragon"
}

[2024-04-29 16:36:34]--[src_cgi/login_cgi.c:295]--user = dragon, pwd = e10adc3949ba59abbe56e057f20f883e
[2024-04-29 16:36:34]--[src_cgi/login_cgi.c:101]--mysql_user = root, mysql_pwd = 15774756186, mysql_db = cloud_disk
[2024-04-29 16:36:34]--[src_cgi/login_cgi.c:161]--redis:[ip=127.0.0.1,port=6379]
[2024-04-29 16:36:34]--[src_cgi/login_cgi.c:185]--tmp = dragon125440153445
[2024-04-29 16:36:34]--[src_cgi/login_cgi.c:201]--base64 = rqIDKWTM//iCxw0SD2zhbPkzzgEOtmED
[2024-04-29 16:36:34]--[src_cgi/login_cgi.c:304]--token = 62207c9bf62ec2e25cffc91d84e61caa
[2024-04-29 16:42:18]--[src_cgi/login_cgi.c:288]--buf = {
    "pwd": "e10adc3949ba59abbe56e057f20f883e",
    "user": "dragon"
}

[2024-04-29 16:42:18]--[src_cgi/login_cgi.c:295]--user = dragon, pwd = e10adc3949ba59abbe56e057f20f883e
[2024-04-29 16:42:18]--[src_cgi/login_cgi.c:101]--mysql_user = root, mysql_pwd = 15774756186, mysql_db = cloud_disk
[2024-04-29 16:42:18]--[src_cgi/login_cgi.c:161]--redis:[ip=127.0.0.1,port=6379]
[2024-04-29 16:42:18]--[src_cgi/login_cgi.c:185]--tmp = dragon236194387977
[2024-04-29 16:42:18]--[src_cgi/login_cgi.c:201]--base64 = Z2/0cWHcizSeqn2CMXG9S5FNToLc4xQW
[2024-04-29 16:42:18]--[src_cgi/login_cgi.c:304]--token = ea83dc7667c0fd86aead4999f9ab6676
[2024-04-29 16:42:53]--[src_cgi/login_cgi.c:288]--buf = {
    "pwd": "e10adc3949ba59abbe56e057f20f883e",
    "user": "dragon"
}

[2024-04-29 16:42:53]--[src_cgi/login_cgi.c:295]--user = dragon, pwd = e10adc3949ba59abbe56e057f20f883e
[2024-04-29 16:42:53]--[src_cgi/login_cgi.c:101]--mysql_user = root, mysql_pwd = 15774756186, mysql_db = cloud_disk
[2024-04-29 16:42:53]--[src_cgi/login_cgi.c:161]--redis:[ip=127.0.0.1,port=6379]
[2024-04-29 16:42:53]--[src_cgi/login_cgi.c:185]--tmp = dragon493529768140
[2024-04-29 16:42:53]--[src_cgi/login_cgi.c:201]--base64 = 4C1oejuOoHOBDOOPruxd/G2i/t6AJQ1B
[2024-04-29 16:42:53]--[src_cgi/login_cgi.c:304]--token = 4a2a76644cc68ced155869e68110cba8
[2024-04-29 16:46:01]--[src_cgi/login_cgi.c:288]--buf = {
    "pwd": "e10adc3949ba59abbe56e057f20f883e",
    "user": "dragon"
}

[2024-04-29 16:46:01]--[src_cgi/login_cgi.c:295]--user = dragon, pwd = e10adc3949ba59abbe56e057f20f883e
[2024-04-29 16:46:01]--[src_cgi/login_cgi.c:101]--mysql_user = root, mysql_pwd = 15774756186, mysql_db = cloud_disk
[2024-04-29 16:46:01]--[src_cgi/login_cgi.c:161]--redis:[ip=127.0.0.1,port=6379]
[2024-04-29 16:46:01]--[src_cgi/login_cgi.c:185]--tmp = dragon9909109345
[2024-04-29 16:46:01]--[src_cgi/login_cgi.c:201]--base64 = JXvM3O72qL1lo/4r8WbVjC0ZxLNK7pNJ
[2024-04-29 16:46:01]--[src_cgi/login_cgi.c:304]--token = 7752dd519291320632397cc4ba5cfc4c
[2024-04-29 16:52:41]--[src_cgi/login_cgi.c:288]--buf = {
    "pwd": "e10adc3949ba59abbe56e057f20f883e",
    "user": "dragon"
}

[2024-04-29 16:52:41]--[src_cgi/login_cgi.c:295]--user = dragon, pwd = e10adc3949ba59abbe56e057f20f883e
[2024-04-29 16:52:41]--[src_cgi/login_cgi.c:101]--mysql_user = root, mysql_pwd = 15774756186, mysql_db = cloud_disk
[2024-04-29 16:52:41]--[src_cgi/login_cgi.c:161]--redis:[ip=127.0.0.1,port=6379]
[2024-04-29 16:52:41]--[src_cgi/login_cgi.c:185]--tmp = dragon583800824296
[2024-04-29 16:52:41]--[src_cgi/login_cgi.c:201]--base64 = ylPyr7QMt8gjP5Wu6BFvgY7osQwnCBRq
[2024-04-29 16:52:41]--[src_cgi/login_cgi.c:304]--token = c6a51e1a7cbce45a3768ea9d7d1ddf8d
[2024-04-29 16:53:17]--[src_cgi/login_cgi.c:288]--buf = {
    "pwd": "e10adc3949ba59abbe56e057f20f883e",
    "user": "dragon"
}

[2024-04-29 16:53:17]--[src_cgi/login_cgi.c:295]--user = dragon, pwd = e10adc3949ba59abbe56e057f20f883e
[2024-04-29 16:53:17]--[src_cgi/login_cgi.c:101]--mysql_user = root, mysql_pwd = 15774756186, mysql_db = cloud_disk
[2024-04-29 16:53:17]--[src_cgi/login_cgi.c:161]--redis:[ip=127.0.0.1,port=6379]
[2024-04-29 16:53:17]--[src_cgi/login_cgi.c:185]--tmp = dragon55697242866
[2024-04-29 16:53:17]--[src_cgi/login_cgi.c:201]--base64 = Rj7jsJ5+E/iIDxVCQ0893+wb1egIr+tu
[2024-04-29 16:53:17]--[src_cgi/login_cgi.c:304]--token = c0544dd84f34de5fd54969768002694b
[2024-04-29 16:53:48]--[src_cgi/login_cgi.c:288]--buf = {
    "pwd": "e10adc3949ba59abbe56e057f20f883e",
    "user": "dragon"
}

[2024-04-29 16:53:48]--[src_cgi/login_cgi.c:295]--user = dragon, pwd = e10adc3949ba59abbe56e057f20f883e
[2024-04-29 16:53:48]--[src_cgi/login_cgi.c:101]--mysql_user = root, mysql_pwd = 15774756186, mysql_db = cloud_disk
[2024-04-29 16:53:48]--[src_cgi/login_cgi.c:161]--redis:[ip=127.0.0.1,port=6379]
[2024-04-29 16:53:48]--[src_cgi/login_cgi.c:185]--tmp = dragon58610465062
[2024-04-29 16:53:48]--[src_cgi/login_cgi.c:201]--base64 = ylPyr7QMt8gmBM5rKJ1kIXj7pjZQFtzO
[2024-04-29 16:53:48]--[src_cgi/login_cgi.c:304]--token = 879bb6f56772e95b30a8a41aff9ac901
[2024-04-29 16:54:31]--[src_cgi/login_cgi.c:288]--buf = {
    "pwd": "e10adc3949ba59abbe56e057f20f883e",
    "user": "dragon"
}

[2024-04-29 16:54:31]--[src_cgi/login_cgi.c:295]--user = dragon, pwd = e10adc3949ba59abbe56e057f20f883e
[2024-04-29 16:54:31]--[src_cgi/login_cgi.c:101]--mysql_user = root, mysql_pwd = 15774756186, mysql_db = cloud_disk
[2024-04-29 16:54:31]--[src_cgi/login_cgi.c:161]--redis:[ip=127.0.0.1,port=6379]
[2024-04-29 16:54:31]--[src_cgi/login_cgi.c:185]--tmp = dragon745153110294
[2024-04-29 16:54:31]--[src_cgi/login_cgi.c:201]--base64 = xVr/ioY7Ol5dSVx7U9JuaGlOQHIHTRgB
[2024-04-29 16:54:31]--[src_cgi/login_cgi.c:304]--token = ae45b7d58a9b71c0e5692a23795c42fd
[2024-04-29 16:55:24]--[src_cgi/login_cgi.c:288]--buf = {
    "pwd": "e10adc3949ba59abbe56e057f20f883e",
    "user": "dragon"
}

[2024-04-29 16:55:24]--[src_cgi/login_cgi.c:295]--user = dragon, pwd = e10adc3949ba59abbe56e057f20f883e
[2024-04-29 16:55:24]--[src_cgi/login_cgi.c:101]--mysql_user = root, mysql_pwd = 15774756186, mysql_db = cloud_disk
[2024-04-29 16:55:24]--[src_cgi/login_cgi.c:161]--redis:[ip=127.0.0.1,port=6379]
[2024-04-29 16:55:24]--[src_cgi/login_cgi.c:185]--tmp = dragon60744851810
[2024-04-29 16:55:24]--[src_cgi/login_cgi.c:201]--base64 = dxNSAcIbyysajICd9BNigbN71Jkkp7xg
[2024-04-29 16:55:24]--[src_cgi/login_cgi.c:304]--token = 78da53a095a0121aab8ade457de20ce5
[2024-04-29 17:15:28]--[src_cgi/login_cgi.c:288]--buf = {
    "pwd": "e10adc3949ba59abbe56e057f20f883e",
    "user": "dragon"
}

[2024-04-29 17:15:28]--[src_cgi/login_cgi.c:295]--user = dragon, pwd = e10adc3949ba59abbe56e057f20f883e
[2024-04-29 17:15:28]--[src_cgi/login_cgi.c:101]--mysql_user = root, mysql_pwd = 15774756186, mysql_db = cloud_disk
[2024-04-29 17:15:28]--[src_cgi/login_cgi.c:161]--redis:[ip=127.0.0.1,port=6379]
[2024-04-29 17:15:28]--[src_cgi/login_cgi.c:185]--tmp = dragon261568842675
[2024-04-29 17:15:28]--[src_cgi/login_cgi.c:201]--base64 = oSt+i4V0NiTrQk8BkyEfAQEsp0Xy90gI
[2024-04-29 17:15:28]--[src_cgi/login_cgi.c:304]--token = a7faa584ec06545c9822184f1105f6f7
[2024-04-29 17:16:23]--[src_cgi/login_cgi.c:288]--buf = {
    "pwd": "e10adc3949ba59abbe56e057f20f883e",
    "user": "dragon"
}

[2024-04-29 17:16:23]--[src_cgi/login_cgi.c:295]--user = dragon, pwd = e10adc3949ba59abbe56e057f20f883e
[2024-04-29 17:16:23]--[src_cgi/login_cgi.c:101]--mysql_user = root, mysql_pwd = 15774756186, mysql_db = cloud_disk
[2024-04-29 17:16:23]--[src_cgi/login_cgi.c:161]--redis:[ip=127.0.0.1,port=6379]
[2024-04-29 17:16:23]--[src_cgi/login_cgi.c:185]--tmp = dragon47823422185
[2024-04-29 17:16:23]--[src_cgi/login_cgi.c:201]--base64 = tCC+SMDGMmmeAAOSf9vzSG+Ut+5trQL2
[2024-04-29 17:16:23]--[src_cgi/login_cgi.c:304]--token = 2c16d0609b90b4ebc1aa05037c8467e5
[2024-04-29 17:24:05]--[src_cgi/login_cgi.c:288]--buf = {
    "pwd": "e10adc3949ba59abbe56e057f20f883e",
    "user": "dragon"
}

[2024-04-29 17:24:05]--[src_cgi/login_cgi.c:295]--user = dragon, pwd = e10adc3949ba59abbe56e057f20f883e
[2024-04-29 17:24:05]--[src_cgi/login_cgi.c:101]--mysql_user = root, mysql_pwd = 15774756186, mysql_db = cloud_disk
[2024-04-29 17:24:05]--[src_cgi/login_cgi.c:161]--redis:[ip=127.0.0.1,port=6379]
[2024-04-29 17:24:05]--[src_cgi/login_cgi.c:185]--tmp = dragon9427718163
[2024-04-29 17:24:05]--[src_cgi/login_cgi.c:201]--base64 = YtPgRBabayiRf4y6JpTLYi0ZxLNK7pNJ
[2024-04-29 17:24:05]--[src_cgi/login_cgi.c:304]--token = b873aa0a1a8a62f34c638511aa689181
[2024-04-29 17:26:37]--[src_cgi/login_cgi.c:288]--buf = {
    "pwd": "e10adc3949ba59abbe56e057f20f883e",
    "user": "dragon"
}

[2024-04-29 17:26:37]--[src_cgi/login_cgi.c:295]--user = dragon, pwd = e10adc3949ba59abbe56e057f20f883e
[2024-04-29 17:26:37]--[src_cgi/login_cgi.c:101]--mysql_user = root, mysql_pwd = 15774756186, mysql_db = cloud_disk
[2024-04-29 17:26:37]--[src_cgi/login_cgi.c:161]--redis:[ip=127.0.0.1,port=6379]
[2024-04-29 17:26:37]--[src_cgi/login_cgi.c:185]--tmp = dragon274336584391
[2024-04-29 17:26:37]--[src_cgi/login_cgi.c:201]--base64 = WQRWd+KnYDpw/Fa71YfsrN0xSAIKXNbe
[2024-04-29 17:26:37]--[src_cgi/login_cgi.c:304]--token = 13e25fe1bcba8c2697fce8237fb35c44
[2024-04-29 17:27:15]--[src_cgi/login_cgi.c:288]--buf = {
    "pwd": "e10adc3949ba59abbe56e057f20f883e",
    "user": "dragon"
}

[2024-04-29 17:27:15]--[src_cgi/login_cgi.c:295]--user = dragon, pwd = e10adc3949ba59abbe56e057f20f883e
[2024-04-29 17:27:15]--[src_cgi/login_cgi.c:101]--mysql_user = root, mysql_pwd = 15774756186, mysql_db = cloud_disk
[2024-04-29 17:27:15]--[src_cgi/login_cgi.c:161]--redis:[ip=127.0.0.1,port=6379]
[2024-04-29 17:27:15]--[src_cgi/login_cgi.c:185]--tmp = dragon483782429534
[2024-04-29 17:27:15]--[src_cgi/login_cgi.c:201]--base64 = 9ujaZPKZMQ9DHt4Zq6p9JBPlMLJZBNaa
[2024-04-29 17:27:15]--[src_cgi/login_cgi.c:304]--token = 260f84c69ae924e012d3dd6f4a6665da
[2024-04-29 17:45:05]--[src_cgi/login_cgi.c:288]--buf = {
    "pwd": "e10adc3949ba59abbe56e057f20f883e",
    "user": "dragon"
}

[2024-04-29 17:45:05]--[src_cgi/login_cgi.c:295]--user = dragon, pwd = e10adc3949ba59abbe56e057f20f883e
[2024-04-29 17:45:05]--[src_cgi/login_cgi.c:101]--mysql_user = root, mysql_pwd = 15774756186, mysql_db = cloud_disk
[2024-04-29 17:45:05]--[src_cgi/login_cgi.c:161]--redis:[ip=127.0.0.1,port=6379]
[2024-04-29 17:45:05]--[src_cgi/login_cgi.c:185]--tmp = dragon869421468833
[2024-04-29 17:45:05]--[src_cgi/login_cgi.c:201]--base64 = QR9LAqaInrowiwxQZFVLb5tglNxDPLOk
[2024-04-29 17:45:05]--[src_cgi/login_cgi.c:304]--token = bb00eebe60d14641dbfe30c728ef59f9
[2024-04-29 20:06:13]--[src_cgi/login_cgi.c:288]--buf = {
    "pwd": "e10adc3949ba59abbe56e057f20f883e",
    "user": "dragon"
}

[2024-04-29 20:06:13]--[src_cgi/login_cgi.c:295]--user = dragon, pwd = e10adc3949ba59abbe56e057f20f883e
[2024-04-29 20:06:13]--[src_cgi/login_cgi.c:101]--mysql_user = root, mysql_pwd = 15774756186, mysql_db = cloud_disk
[2024-04-29 20:06:13]--[src_cgi/login_cgi.c:161]--redis:[ip=127.0.0.1,port=6379]
[2024-04-29 20:06:13]--[src_cgi/login_cgi.c:185]--tmp = dragon783303694968
[2024-04-29 20:06:13]--[src_cgi/login_cgi.c:201]--base64 = ZAIJJRpPQEZoM/q4Canmxkr1NmJOQdwE
[2024-04-29 20:06:13]--[src_cgi/login_cgi.c:304]--token = c8bc83d79d57f8c525c7f0c7f25c37e9
[2024-04-29 20:11:18]--[src_cgi/login_cgi.c:288]--buf = {
    "pwd": "e10adc3949ba59abbe56e057f20f883e",
    "user": "dragon"
}

[2024-04-29 20:11:18]--[src_cgi/login_cgi.c:295]--user = dragon, pwd = e10adc3949ba59abbe56e057f20f883e
[2024-04-29 20:11:18]--[src_cgi/login_cgi.c:101]--mysql_user = root, mysql_pwd = 15774756186, mysql_db = cloud_disk
[2024-04-29 20:11:18]--[src_cgi/login_cgi.c:161]--redis:[ip=127.0.0.1,port=6379]
[2024-04-29 20:11:18]--[src_cgi/login_cgi.c:185]--tmp = dragon909494717506
[2024-04-29 20:11:18]--[src_cgi/login_cgi.c:201]--base64 = aFR1tqd2B/x5NvRQRP9/D7vAS46XSQIK
[2024-04-29 20:11:18]--[src_cgi/login_cgi.c:304]--token = 280801024a5919f0a8a34ff323bb6591
[2024-04-29 20:13:54]--[src_cgi/login_cgi.c:288]--buf = {
    "pwd": "e10adc3949ba59abbe56e057f20f883e",
    "user": "dragon"
}

[2024-04-29 20:13:54]--[src_cgi/login_cgi.c:295]--user = dragon, pwd = e10adc3949ba59abbe56e057f20f883e
[2024-04-29 20:13:54]--[src_cgi/login_cgi.c:101]--mysql_user = root, mysql_pwd = 15774756186, mysql_db = cloud_disk
[2024-04-29 20:13:54]--[src_cgi/login_cgi.c:161]--redis:[ip=127.0.0.1,port=6379]
[2024-04-29 20:13:54]--[src_cgi/login_cgi.c:185]--tmp = dragon56337355870
[2024-04-29 20:13:54]--[src_cgi/login_cgi.c:201]--base64 = k5VRwkLXs1yHK7giys4467N71Jkkp7xg
[2024-04-29 20:13:54]--[src_cgi/login_cgi.c:304]--token = b73bf41566acf195802775e7a93ae3f9
[2024-04-29 20:15:08]--[src_cgi/login_cgi.c:288]--buf = {
    "pwd": "e10adc3949ba59abbe56e057f20f883e",
    "user": "dragon"
}

[2024-04-29 20:15:08]--[src_cgi/login_cgi.c:295]--user = dragon, pwd = e10adc3949ba59abbe56e057f20f883e
[2024-04-29 20:15:08]--[src_cgi/login_cgi.c:101]--mysql_user = root, mysql_pwd = 15774756186, mysql_db = cloud_disk
[2024-04-29 20:15:08]--[src_cgi/login_cgi.c:161]--redis:[ip=127.0.0.1,port=6379]
[2024-04-29 20:15:08]--[src_cgi/login_cgi.c:185]--tmp = dragon447587156186
[2024-04-29 20:15:08]--[src_cgi/login_cgi.c:201]--base64 = FT1SZJ0oKYRkGYic5dmsFR7N0D9Ft3im
[2024-04-29 20:15:08]--[src_cgi/login_cgi.c:304]--token = 2e10be1a3bcd60ef0ad433b24a92f3d0
[2024-04-29 20:16:55]--[src_cgi/login_cgi.c:288]--buf = {
    "pwd": "e10adc3949ba59abbe56e057f20f883e",
    "user": "dragon"
}

[2024-04-29 20:16:55]--[src_cgi/login_cgi.c:295]--user = dragon, pwd = e10adc3949ba59abbe56e057f20f883e
[2024-04-29 20:16:55]--[src_cgi/login_cgi.c:101]--mysql_user = root, mysql_pwd = 15774756186, mysql_db = cloud_disk
[2024-04-29 20:16:55]--[src_cgi/login_cgi.c:161]--redis:[ip=127.0.0.1,port=6379]
[2024-04-29 20:16:55]--[src_cgi/login_cgi.c:185]--tmp = dragon25361373754
[2024-04-29 20:16:55]--[src_cgi/login_cgi.c:201]--base64 = OKYny+mWaOh/vX9peWOWB5+HwxKUAZ0k
[2024-04-29 20:16:55]--[src_cgi/login_cgi.c:304]--token = 71498200101a8ad62cb2c5f6c32e58aa
[2024-04-29 20:21:04]--[src_cgi/login_cgi.c:288]--buf = {
    "pwd": "e10adc3949ba59abbe56e057f20f883e",
    "user": "dragon"
}

[2024-04-29 20:21:04]--[src_cgi/login_cgi.c:295]--user = dragon, pwd = e10adc3949ba59abbe56e057f20f883e
[2024-04-29 20:21:04]--[src_cgi/login_cgi.c:101]--mysql_user = root, mysql_pwd = 15774756186, mysql_db = cloud_disk
[2024-04-29 20:21:04]--[src_cgi/login_cgi.c:161]--redis:[ip=127.0.0.1,port=6379]
[2024-04-29 20:21:04]--[src_cgi/login_cgi.c:185]--tmp = dragon5376398501
[2024-04-29 20:21:04]--[src_cgi/login_cgi.c:201]--base64 = ikO49/v7A4y9YWKBWjEB+i0ZxLNK7pNJ
[2024-04-29 20:21:04]--[src_cgi/login_cgi.c:304]--token = 83d99d298262d370ad3cab3758c0086c
[2024-04-29 20:22:17]--[src_cgi/login_cgi.c:288]--buf = {
    "pwd": "e10adc3949ba59abbe56e057f20f883e",
    "user": "dragon"
}

[2024-04-29 20:22:17]--[src_cgi/login_cgi.c:295]--user = dragon, pwd = e10adc3949ba59abbe56e057f20f883e
[2024-04-29 20:22:17]--[src_cgi/login_cgi.c:101]--mysql_user = root, mysql_pwd = 15774756186, mysql_db = cloud_disk
[2024-04-29 20:22:17]--[src_cgi/login_cgi.c:161]--redis:[ip=127.0.0.1,port=6379]
[2024-04-29 20:22:17]--[src_cgi/login_cgi.c:185]--tmp = dragon258769264195
[2024-04-29 20:22:17]--[src_cgi/login_cgi.c:201]--base64 = OKYny+mWaOg9pxeU7mYH2eHPmEhvU+Rb
[2024-04-29 20:22:17]--[src_cgi/login_cgi.c:304]--token = a3106bfc48d7b7ca5fde8428765ef8bd
[2024-04-29 20:22:50]--[src_cgi/login_cgi.c:288]--buf = {
    "pwd": "e10adc3949ba59abbe56e057f20f883e",
    "user": "dragon"
}

[2024-04-29 20:22:50]--[src_cgi/login_cgi.c:295]--user = dragon, pwd = e10adc3949ba59abbe56e057f20f883e
[2024-04-29 20:22:50]--[src_cgi/login_cgi.c:101]--mysql_user = root, mysql_pwd = 15774756186, mysql_db = cloud_disk
[2024-04-29 20:22:50]--[src_cgi/login_cgi.c:161]--redis:[ip=127.0.0.1,port=6379]
[2024-04-29 20:22:50]--[src_cgi/login_cgi.c:185]--tmp = dragon12753874346
[2024-04-29 20:22:50]--[src_cgi/login_cgi.c:201]--base64 = rqIDKWTM//irhqvNR6SYbuwb1egIr+tu
[2024-04-29 20:22:50]--[src_cgi/login_cgi.c:304]--token = 8e37edefcb0942acd5337f946d38dcbd
[2024-04-29 20:23:15]--[src_cgi/login_cgi.c:288]--buf = {
    "pwd": "e10adc3949ba59abbe56e057f20f883e",
    "user": "dragon"
}

[2024-04-29 20:23:15]--[src_cgi/login_cgi.c:295]--user = dragon, pwd = e10adc3949ba59abbe56e057f20f883e
[2024-04-29 20:23:15]--[src_cgi/login_cgi.c:101]--mysql_user = root, mysql_pwd = 15774756186, mysql_db = cloud_disk
[2024-04-29 20:23:15]--[src_cgi/login_cgi.c:161]--redis:[ip=127.0.0.1,port=6379]
[2024-04-29 20:23:15]--[src_cgi/login_cgi.c:185]--tmp = dragon192888359110
[2024-04-29 20:23:15]--[src_cgi/login_cgi.c:201]--base64 = GdjrnDHPTiaRr0ZlPQTwaKh3wOkbckkh
[2024-04-29 20:23:15]--[src_cgi/login_cgi.c:304]--token = 1b0fb1602c533a0f8234e6a2ea6eb8dd
[2024-04-29 20:25:28]--[src_cgi/login_cgi.c:288]--buf = {
    "pwd": "e10adc3949ba59abbe56e057f20f883e",
    "user": "dragon"
}

[2024-04-29 20:25:28]--[src_cgi/login_cgi.c:295]--user = dragon, pwd = e10adc3949ba59abbe56e057f20f883e
[2024-04-29 20:25:28]--[src_cgi/login_cgi.c:101]--mysql_user = root, mysql_pwd = 15774756186, mysql_db = cloud_disk
[2024-04-29 20:25:28]--[src_cgi/login_cgi.c:161]--redis:[ip=127.0.0.1,port=6379]
[2024-04-29 20:25:28]--[src_cgi/login_cgi.c:185]--tmp = dragon141422953682
[2024-04-29 20:25:28]--[src_cgi/login_cgi.c:201]--base64 = GkryBda2+xEIZ0WDLea2X1siDMuf5YxZ
[2024-04-29 20:25:28]--[src_cgi/login_cgi.c:304]--token = f3c46eafcb93a2018e954453ba2dc4fd
[2024-04-29 20:26:28]--[src_cgi/login_cgi.c:288]--buf = {
    "pwd": "e10adc3949ba59abbe56e057f20f883e",
    "user": "dragon"
}

[2024-04-29 20:26:28]--[src_cgi/login_cgi.c:295]--user = dragon, pwd = e10adc3949ba59abbe56e057f20f883e
[2024-04-29 20:26:28]--[src_cgi/login_cgi.c:101]--mysql_user = root, mysql_pwd = 15774756186, mysql_db = cloud_disk
[2024-04-29 20:26:28]--[src_cgi/login_cgi.c:161]--redis:[ip=127.0.0.1,port=6379]
[2024-04-29 20:26:28]--[src_cgi/login_cgi.c:185]--tmp = dragon87117454845
[2024-04-29 20:26:28]--[src_cgi/login_cgi.c:201]--base64 = Lb8d5jYD3WIkRBz1b1AzUm+Ut+5trQL2
[2024-04-29 20:26:28]--[src_cgi/login_cgi.c:304]--token = 5d548802b5abf725f99262f702c9876e
[2024-04-29 20:28:16]--[src_cgi/login_cgi.c:288]--buf = {
    "pwd": "e10adc3949ba59abbe56e057f20f883e",
    "user": "dragon"
}

[2024-04-29 20:28:16]--[src_cgi/login_cgi.c:295]--user = dragon, pwd = e10adc3949ba59abbe56e057f20f883e
[2024-04-29 20:28:16]--[src_cgi/login_cgi.c:101]--mysql_user = root, mysql_pwd = 15774756186, mysql_db = cloud_disk
[2024-04-29 20:28:16]--[src_cgi/login_cgi.c:161]--redis:[ip=127.0.0.1,port=6379]
[2024-04-29 20:28:16]--[src_cgi/login_cgi.c:185]--tmp = dragon776222395672
[2024-04-29 20:28:16]--[src_cgi/login_cgi.c:201]--base64 = CSvjat9p8nvZ5Jc0emaHdBOaVV8spikA
[2024-04-29 20:28:16]--[src_cgi/login_cgi.c:304]--token = 18bacf774f7fcaffa5ed68e3f86efe2e
[2024-04-29 20:30:38]--[src_cgi/login_cgi.c:288]--buf = {
    "pwd": "e10adc3949ba59abbe56e057f20f883e",
    "user": "dragon"
}

[2024-04-29 20:30:38]--[src_cgi/login_cgi.c:295]--user = dragon, pwd = e10adc3949ba59abbe56e057f20f883e
[2024-04-29 20:30:38]--[src_cgi/login_cgi.c:101]--mysql_user = root, mysql_pwd = 15774756186, mysql_db = cloud_disk
[2024-04-29 20:30:38]--[src_cgi/login_cgi.c:161]--redis:[ip=127.0.0.1,port=6379]
[2024-04-29 20:30:38]--[src_cgi/login_cgi.c:185]--tmp = dragon2063745838
[2024-04-29 20:30:38]--[src_cgi/login_cgi.c:201]--base64 = Isj27Nl5bRbxAnkQScrrnS0ZxLNK7pNJ
[2024-04-29 20:30:38]--[src_cgi/login_cgi.c:304]--token = 47e26dc283447394722c196d74753d37
[2024-04-29 20:32:31]--[src_cgi/login_cgi.c:288]--buf = {
    "pwd": "e10adc3949ba59abbe56e057f20f883e",
    "user": "dragon"
}

[2024-04-29 20:32:31]--[src_cgi/login_cgi.c:295]--user = dragon, pwd = e10adc3949ba59abbe56e057f20f883e
[2024-04-29 20:32:31]--[src_cgi/login_cgi.c:101]--mysql_user = root, mysql_pwd = 15774756186, mysql_db = cloud_disk
[2024-04-29 20:32:31]--[src_cgi/login_cgi.c:161]--redis:[ip=127.0.0.1,port=6379]
[2024-04-29 20:32:31]--[src_cgi/login_cgi.c:185]--tmp = dragon327979281432
[2024-04-29 20:32:31]--[src_cgi/login_cgi.c:201]--base64 = TUWx5psA0Y9r9OXpu8O6yezUJ3TV/klo
[2024-04-29 20:32:31]--[src_cgi/login_cgi.c:304]--token = be17d4b49ba32a6debfad4a45fa9989f
[2024-04-29 20:33:44]--[src_cgi/login_cgi.c:288]--buf = {
    "pwd": "e10adc3949ba59abbe56e057f20f883e",
    "user": "dragon"
}

[2024-04-29 20:33:44]--[src_cgi/login_cgi.c:295]--user = dragon, pwd = e10adc3949ba59abbe56e057f20f883e
[2024-04-29 20:33:44]--[src_cgi/login_cgi.c:101]--mysql_user = root, mysql_pwd = 15774756186, mysql_db = cloud_disk
[2024-04-29 20:33:44]--[src_cgi/login_cgi.c:161]--redis:[ip=127.0.0.1,port=6379]
[2024-04-29 20:33:44]--[src_cgi/login_cgi.c:185]--tmp = dragon407535387796
[2024-04-29 20:33:44]--[src_cgi/login_cgi.c:201]--base64 = 6rb1JgWquu3jGD7B4+HPQ47osQwnCBRq
[2024-04-29 20:33:44]--[src_cgi/login_cgi.c:304]--token = 780b406102e4c1073f9f7aa4f9ae84f4
[2024-04-29 20:34:35]--[src_cgi/login_cgi.c:288]--buf = {
    "pwd": "e10adc3949ba59abbe56e057f20f883e",
    "user": "dragon"
}

[2024-04-29 20:34:35]--[src_cgi/login_cgi.c:295]--user = dragon, pwd = e10adc3949ba59abbe56e057f20f883e
[2024-04-29 20:34:35]--[src_cgi/login_cgi.c:101]--mysql_user = root, mysql_pwd = 15774756186, mysql_db = cloud_disk
[2024-04-29 20:34:35]--[src_cgi/login_cgi.c:161]--redis:[ip=127.0.0.1,port=6379]
[2024-04-29 20:34:35]--[src_cgi/login_cgi.c:185]--tmp = dragon899166381154
[2024-04-29 20:34:35]--[src_cgi/login_cgi.c:201]--base64 = OoxqmCI4C6Ri/68rjyv07DPWXvuusOz5
[2024-04-29 20:34:35]--[src_cgi/login_cgi.c:304]--token = 8c66793ffa5f3a57f58b711e1b66a665
[2024-04-29 20:36:15]--[src_cgi/login_cgi.c:288]--buf = {
    "pwd": "e10adc3949ba59abbe56e057f20f883e",
    "user": "dragon"
}

[2024-04-29 20:36:15]--[src_cgi/login_cgi.c:295]--user = dragon, pwd = e10adc3949ba59abbe56e057f20f883e
[2024-04-29 20:36:15]--[src_cgi/login_cgi.c:101]--mysql_user = root, mysql_pwd = 15774756186, mysql_db = cloud_disk
[2024-04-29 20:36:15]--[src_cgi/login_cgi.c:161]--redis:[ip=127.0.0.1,port=6379]
[2024-04-29 20:36:15]--[src_cgi/login_cgi.c:185]--tmp = dragon30483672277
[2024-04-29 20:36:15]--[src_cgi/login_cgi.c:201]--base64 = Sxq+cc5mv0wm79Eka4XbbvUujTBmz0dF
[2024-04-29 20:36:15]--[src_cgi/login_cgi.c:304]--token = 09b8f87c419aad13f18b0d965b936740
[2024-04-29 20:38:08]--[src_cgi/login_cgi.c:288]--buf = {
    "pwd": "e10adc3949ba59abbe56e057f20f883e",
    "user": "dragon"
}

[2024-04-29 20:38:08]--[src_cgi/login_cgi.c:295]--user = dragon, pwd = e10adc3949ba59abbe56e057f20f883e
[2024-04-29 20:38:08]--[src_cgi/login_cgi.c:101]--mysql_user = root, mysql_pwd = 15774756186, mysql_db = cloud_disk
[2024-04-29 20:38:08]--[src_cgi/login_cgi.c:161]--redis:[ip=127.0.0.1,port=6379]
[2024-04-29 20:38:08]--[src_cgi/login_cgi.c:185]--tmp = dragon13799349834
[2024-04-29 20:38:08]--[src_cgi/login_cgi.c:201]--base64 = FiCxnPiCrVsrPjvjYp0DHZ+HwxKUAZ0k
[2024-04-29 20:38:08]--[src_cgi/login_cgi.c:304]--token = ae187e8351847b996e3debb7add9687e
[2024-04-29 20:39:30]--[src_cgi/login_cgi.c:288]--buf = {
    "pwd": "e10adc3949ba59abbe56e057f20f883e",
    "user": "dragon"
}

[2024-04-29 20:39:30]--[src_cgi/login_cgi.c:295]--user = dragon, pwd = e10adc3949ba59abbe56e057f20f883e
[2024-04-29 20:39:30]--[src_cgi/login_cgi.c:101]--mysql_user = root, mysql_pwd = 15774756186, mysql_db = cloud_disk
[2024-04-29 20:39:30]--[src_cgi/login_cgi.c:161]--redis:[ip=127.0.0.1,port=6379]
[2024-04-29 20:39:30]--[src_cgi/login_cgi.c:185]--tmp = dragon86769755648
[2024-04-29 20:39:30]--[src_cgi/login_cgi.c:201]--base64 = QR9LAqaInrobWbR5WtkmY1SLR+LwC1FL
[2024-04-29 20:39:30]--[src_cgi/login_cgi.c:304]--token = a645a55b699b3bb1196e1ef37a400bdf
[2024-04-29 20:41:13]--[src_cgi/login_cgi.c:288]--buf = {
    "pwd": "e10adc3949ba59abbe56e057f20f883e",
    "user": "dragon"
}

[2024-04-29 20:41:13]--[src_cgi/login_cgi.c:295]--user = dragon, pwd = e10adc3949ba59abbe56e057f20f883e
[2024-04-29 20:41:13]--[src_cgi/login_cgi.c:101]--mysql_user = root, mysql_pwd = 15774756186, mysql_db = cloud_disk
[2024-04-29 20:41:13]--[src_cgi/login_cgi.c:161]--redis:[ip=127.0.0.1,port=6379]
[2024-04-29 20:41:13]--[src_cgi/login_cgi.c:185]--tmp = dragon529633585111
[2024-04-29 20:41:13]--[src_cgi/login_cgi.c:201]--base64 = CQ9Wg9JgDcjEBa/Gco+79oTHQIHr2ZWb
[2024-04-29 20:41:13]--[src_cgi/login_cgi.c:304]--token = b8de44545d80a17e2d2bd376f1ae363e
[2024-04-29 20:41:42]--[src_cgi/login_cgi.c:288]--buf = {
    "pwd": "e10adc3949ba59abbe56e057f20f883e",
    "user": "dragon"
}

[2024-04-29 20:41:42]--[src_cgi/login_cgi.c:295]--user = dragon, pwd = e10adc3949ba59abbe56e057f20f883e
[2024-04-29 20:41:42]--[src_cgi/login_cgi.c:101]--mysql_user = root, mysql_pwd = 15774756186, mysql_db = cloud_disk
[2024-04-29 20:41:42]--[src_cgi/login_cgi.c:161]--redis:[ip=127.0.0.1,port=6379]
[2024-04-29 20:41:42]--[src_cgi/login_cgi.c:185]--tmp = dragon944383361982
[2024-04-29 20:41:42]--[src_cgi/login_cgi.c:201]--base64 = YtPgRBabayj4RItgwmY391siDMuf5YxZ
[2024-04-29 20:41:42]--[src_cgi/login_cgi.c:304]--token = 8e6e5e09c18485ef61d53517383bce8e
[2024-04-29 20:42:49]--[src_cgi/login_cgi.c:288]--buf = {
    "pwd": "e10adc3949ba59abbe56e057f20f883e",
    "user": "dragon"
}

[2024-04-29 20:42:49]--[src_cgi/login_cgi.c:295]--user = dragon, pwd = e10adc3949ba59abbe56e057f20f883e
[2024-04-29 20:42:49]--[src_cgi/login_cgi.c:101]--mysql_user = root, mysql_pwd = 15774756186, mysql_db = cloud_disk
[2024-04-29 20:42:49]--[src_cgi/login_cgi.c:161]--redis:[ip=127.0.0.1,port=6379]
[2024-04-29 20:42:49]--[src_cgi/login_cgi.c:185]--tmp = dragon82389791041
[2024-04-29 20:42:49]--[src_cgi/login_cgi.c:201]--base64 = TV1ZEH/LG/YrUBv+653udvlvnLKu4lWq
[2024-04-29 20:42:49]--[src_cgi/login_cgi.c:304]--token = b7776fc6b7d291d1bcb100c4bea61096
[2024-04-29 20:45:27]--[src_cgi/login_cgi.c:288]--buf = {
    "pwd": "e10adc3949ba59abbe56e057f20f883e",
    "user": "dragon"
}

[2024-04-29 20:45:27]--[src_cgi/login_cgi.c:295]--user = dragon, pwd = e10adc3949ba59abbe56e057f20f883e
[2024-04-29 20:45:27]--[src_cgi/login_cgi.c:101]--mysql_user = root, mysql_pwd = 15774756186, mysql_db = cloud_disk
[2024-04-29 20:45:27]--[src_cgi/login_cgi.c:161]--redis:[ip=127.0.0.1,port=6379]
[2024-04-29 20:45:27]--[src_cgi/login_cgi.c:185]--tmp = dragon6458713021
[2024-04-29 20:45:27]--[src_cgi/login_cgi.c:201]--base64 = JlCbW3HDcMSsTquAyX/I7C0ZxLNK7pNJ
[2024-04-29 20:45:27]--[src_cgi/login_cgi.c:304]--token = 77bc8540bc300f6b464acc5080d3dfbd
[2024-04-29 20:48:05]--[src_cgi/login_cgi.c:288]--buf = {
    "pwd": "e10adc3949ba59abbe56e057f20f883e",
    "user": "dragon"
}

[2024-04-29 20:48:05]--[src_cgi/login_cgi.c:295]--user = dragon, pwd = e10adc3949ba59abbe56e057f20f883e
[2024-04-29 20:48:05]--[src_cgi/login_cgi.c:101]--mysql_user = root, mysql_pwd = 15774756186, mysql_db = cloud_disk
[2024-04-29 20:48:05]--[src_cgi/login_cgi.c:161]--redis:[ip=127.0.0.1,port=6379]
[2024-04-29 20:48:05]--[src_cgi/login_cgi.c:185]--tmp = dragon96742264777
[2024-04-29 20:48:05]--[src_cgi/login_cgi.c:201]--base64 = cNoUj1g84ssPe9wU+DtvMPUujTBmz0dF
[2024-04-29 20:48:05]--[src_cgi/login_cgi.c:304]--token = 49b1fbb25ead5062a27f9016d4fc695f
[2024-04-29 20:49:00]--[src_cgi/login_cgi.c:288]--buf = {
    "pwd": "e10adc3949ba59abbe56e057f20f883e",
    "user": "dragon"
}

[2024-04-29 20:49:00]--[src_cgi/login_cgi.c:295]--user = dragon, pwd = e10adc3949ba59abbe56e057f20f883e
[2024-04-29 20:49:00]--[src_cgi/login_cgi.c:101]--mysql_user = root, mysql_pwd = 15774756186, mysql_db = cloud_disk
[2024-04-29 20:49:00]--[src_cgi/login_cgi.c:161]--redis:[ip=127.0.0.1,port=6379]
[2024-04-29 20:49:00]--[src_cgi/login_cgi.c:185]--tmp = dragon647231246597
[2024-04-29 20:49:00]--[src_cgi/login_cgi.c:201]--base64 = JlCbW3HDcMQC6XpIpyRd1zA1UwvPrxKR
[2024-04-29 20:49:00]--[src_cgi/login_cgi.c:304]--token = 9d99442e200a427cc40e7d388a5e2f9b
[2024-04-29 20:50:16]--[src_cgi/login_cgi.c:288]--buf = {
    "pwd": "e10adc3949ba59abbe56e057f20f883e",
    "user": "dragon"
}

[2024-04-29 20:50:16]--[src_cgi/login_cgi.c:295]--user = dragon, pwd = e10adc3949ba59abbe56e057f20f883e
[2024-04-29 20:50:16]--[src_cgi/login_cgi.c:101]--mysql_user = root, mysql_pwd = 15774756186, mysql_db = cloud_disk
[2024-04-29 20:50:16]--[src_cgi/login_cgi.c:161]--redis:[ip=127.0.0.1,port=6379]
[2024-04-29 20:50:16]--[src_cgi/login_cgi.c:185]--tmp = dragon91972286579
[2024-04-29 20:50:16]--[src_cgi/login_cgi.c:201]--base64 = DRaLihZ99XlxAZhBLRzUVFzqyK7PQug1
[2024-04-29 20:50:16]--[src_cgi/login_cgi.c:304]--token = a6b67ca9642d0adc44afa90bd4cff1be
[2024-04-29 20:51:49]--[src_cgi/login_cgi.c:288]--buf = {
    "pwd": "e10adc3949ba59abbe56e057f20f883e",
    "user": "dragon"
}

[2024-04-29 20:51:49]--[src_cgi/login_cgi.c:295]--user = dragon, pwd = e10adc3949ba59abbe56e057f20f883e
[2024-04-29 20:51:49]--[src_cgi/login_cgi.c:101]--mysql_user = root, mysql_pwd = 15774756186, mysql_db = cloud_disk
[2024-04-29 20:51:49]--[src_cgi/login_cgi.c:161]--redis:[ip=127.0.0.1,port=6379]
[2024-04-29 20:51:49]--[src_cgi/login_cgi.c:185]--tmp = dragon380584798347
[2024-04-29 20:51:49]--[src_cgi/login_cgi.c:201]--base64 = nLg1BZku+/+pMrKJmFEpX+/6i7vHUnzO
[2024-04-29 20:51:49]--[src_cgi/login_cgi.c:304]--token = eeb39d98a0759ee02febcfcfb37e30f6
[2024-04-29 20:53:05]--[src_cgi/login_cgi.c:288]--buf = {
    "pwd": "e10adc3949ba59abbe56e057f20f883e",
    "user": "dragon"
}

[2024-04-29 20:53:05]--[src_cgi/login_cgi.c:295]--user = dragon, pwd = e10adc3949ba59abbe56e057f20f883e
[2024-04-29 20:53:05]--[src_cgi/login_cgi.c:101]--mysql_user = root, mysql_pwd = 15774756186, mysql_db = cloud_disk
[2024-04-29 20:53:05]--[src_cgi/login_cgi.c:161]--redis:[ip=127.0.0.1,port=6379]
[2024-04-29 20:53:05]--[src_cgi/login_cgi.c:185]--tmp = dragon33792269483
[2024-04-29 20:53:05]--[src_cgi/login_cgi.c:201]--base64 = VMl6o1ziwIyJ1ub9f980j67DEUAkWTSv
[2024-04-29 20:53:05]--[src_cgi/login_cgi.c:304]--token = bed6049bf7896458d225726bfc6e6003
[2024-04-29 20:54:17]--[src_cgi/login_cgi.c:288]--buf = {
    "pwd": "e10adc3949ba59abbe56e057f20f883e",
    "user": "dragon"
}

[2024-04-29 20:54:17]--[src_cgi/login_cgi.c:295]--user = dragon, pwd = e10adc3949ba59abbe56e057f20f883e
[2024-04-29 20:54:17]--[src_cgi/login_cgi.c:101]--mysql_user = root, mysql_pwd = 15774756186, mysql_db = cloud_disk
[2024-04-29 20:54:17]--[src_cgi/login_cgi.c:161]--redis:[ip=127.0.0.1,port=6379]
[2024-04-29 20:54:17]--[src_cgi/login_cgi.c:185]--tmp = dragon97018668347
[2024-04-29 20:54:17]--[src_cgi/login_cgi.c:201]--base64 = yc5ptwXeQQn2MppEldFbEPUujTBmz0dF
[2024-04-29 20:54:17]--[src_cgi/login_cgi.c:304]--token = c643885acbde0c4b8e1c96e50f792ce6
[2024-04-29 20:55:31]--[src_cgi/login_cgi.c:288]--buf = {
    "pwd": "e10adc3949ba59abbe56e057f20f883e",
    "user": "dragon"
}

[2024-04-29 20:55:31]--[src_cgi/login_cgi.c:295]--user = dragon, pwd = e10adc3949ba59abbe56e057f20f883e
[2024-04-29 20:55:31]--[src_cgi/login_cgi.c:101]--mysql_user = root, mysql_pwd = 15774756186, mysql_db = cloud_disk
[2024-04-29 20:55:31]--[src_cgi/login_cgi.c:161]--redis:[ip=127.0.0.1,port=6379]
[2024-04-29 20:55:31]--[src_cgi/login_cgi.c:185]--tmp = dragon87638328359
[2024-04-29 20:55:31]--[src_cgi/login_cgi.c:201]--base64 = Lb8d5jYD3WJCAWHfQsXeDFzqyK7PQug1
[2024-04-29 20:55:31]--[src_cgi/login_cgi.c:304]--token = 427b8484cefd303de7577d63a5a8e184
[2024-04-29 20:57:06]--[src_cgi/login_cgi.c:288]--buf = {
    "pwd": "e10adc3949ba59abbe56e057f20f883e",
    "user": "dragon"
}

[2024-04-29 20:57:06]--[src_cgi/login_cgi.c:295]--user = dragon, pwd = e10adc3949ba59abbe56e057f20f883e
[2024-04-29 20:57:06]--[src_cgi/login_cgi.c:101]--mysql_user = root, mysql_pwd = 15774756186, mysql_db = cloud_disk
[2024-04-29 20:57:06]--[src_cgi/login_cgi.c:161]--redis:[ip=127.0.0.1,port=6379]
[2024-04-29 20:57:06]--[src_cgi/login_cgi.c:185]--tmp = dragon86917713515
[2024-04-29 20:57:06]--[src_cgi/login_cgi.c:201]--base64 = QR9LAqaInrrhjFIgcWa0JW+Ut+5trQL2
[2024-04-29 20:57:06]--[src_cgi/login_cgi.c:304]--token = 266af3924a2da07878d59e5dc3cdf5c2
[2024-04-29 21:00:00]--[src_cgi/login_cgi.c:288]--buf = {
    "pwd": "e10adc3949ba59abbe56e057f20f883e",
    "user": "dragon"
}

[2024-04-29 21:00:00]--[src_cgi/login_cgi.c:295]--user = dragon, pwd = e10adc3949ba59abbe56e057f20f883e
[2024-04-29 21:00:00]--[src_cgi/login_cgi.c:101]--mysql_user = root, mysql_pwd = 15774756186, mysql_db = cloud_disk
[2024-04-29 21:00:00]--[src_cgi/login_cgi.c:161]--redis:[ip=127.0.0.1,port=6379]
[2024-04-29 21:00:00]--[src_cgi/login_cgi.c:185]--tmp = dragon166613784595
[2024-04-29 21:00:00]--[src_cgi/login_cgi.c:201]--base64 = O5Pn3ftyK0t6JFjxrnPKF+HPmEhvU+Rb
[2024-04-29 21:00:00]--[src_cgi/login_cgi.c:304]--token = 11e4561592d26155332921a0338f7ecf
[2024-04-29 21:00:50]--[src_cgi/login_cgi.c:288]--buf = {
    "pwd": "e10adc3949ba59abbe56e057f20f883e",
    "user": "dragon"
}

[2024-04-29 21:00:50]--[src_cgi/login_cgi.c:295]--user = dragon, pwd = e10adc3949ba59abbe56e057f20f883e
[2024-04-29 21:00:50]--[src_cgi/login_cgi.c:101]--mysql_user = root, mysql_pwd = 15774756186, mysql_db = cloud_disk
[2024-04-29 21:00:50]--[src_cgi/login_cgi.c:161]--redis:[ip=127.0.0.1,port=6379]
[2024-04-29 21:00:50]--[src_cgi/login_cgi.c:185]--tmp = dragon188222450899
[2024-04-29 21:00:50]--[src_cgi/login_cgi.c:201]--base64 = n00Db0ulx2hNAMlAewraF2rqXu6D/fnI
[2024-04-29 21:00:50]--[src_cgi/login_cgi.c:304]--token = d906334d75bf7207f2d320f8e47e6233
[2024-04-29 21:10:50]--[src_cgi/login_cgi.c:288]--buf = {
    "pwd": "e10adc3949ba59abbe56e057f20f883e",
    "user": "dragon"
}

[2024-04-29 21:10:50]--[src_cgi/login_cgi.c:295]--user = dragon, pwd = e10adc3949ba59abbe56e057f20f883e
[2024-04-29 21:10:50]--[src_cgi/login_cgi.c:101]--mysql_user = root, mysql_pwd = 15774756186, mysql_db = cloud_disk
[2024-04-29 21:10:50]--[src_cgi/login_cgi.c:161]--redis:[ip=127.0.0.1,port=6379]
[2024-04-29 21:10:50]--[src_cgi/login_cgi.c:185]--tmp = dragon44287653474
[2024-04-29 21:10:50]--[src_cgi/login_cgi.c:201]--base64 = FT1SZJ0oKYSeCnnPR1YPU5+HwxKUAZ0k
[2024-04-29 21:10:50]--[src_cgi/login_cgi.c:304]--token = 40d1f3c0b0aefed121e91fb41f536c7a
[2024-04-29 21:15:21]--[src_cgi/login_cgi.c:288]--buf = {
    "pwd": "e10adc3949ba59abbe56e057f20f883e",
    "user": "dragon"
}

[2024-04-29 21:15:21]--[src_cgi/login_cgi.c:295]--user = dragon, pwd = e10adc3949ba59abbe56e057f20f883e
[2024-04-29 21:15:21]--[src_cgi/login_cgi.c:101]--mysql_user = root, mysql_pwd = 15774756186, mysql_db = cloud_disk
[2024-04-29 21:15:21]--[src_cgi/login_cgi.c:161]--redis:[ip=127.0.0.1,port=6379]
[2024-04-29 21:15:21]--[src_cgi/login_cgi.c:185]--tmp = dragon190797486515
[2024-04-29 21:15:21]--[src_cgi/login_cgi.c:201]--base64 = GdjrnDHPTiYP0+KF99EKRokGY2TdE/kP
[2024-04-29 21:15:21]--[src_cgi/login_cgi.c:304]--token = 0123494c5ce2d29f1ccf66868d344404
[2024-04-29 21:22:32]--[src_cgi/login_cgi.c:288]--buf = {
    "pwd": "e10adc3949ba59abbe56e057f20f883e",
    "user": "dragon"
}

[2024-04-29 21:22:32]--[src_cgi/login_cgi.c:295]--user = dragon, pwd = e10adc3949ba59abbe56e057f20f883e
[2024-04-29 21:22:32]--[src_cgi/login_cgi.c:101]--mysql_user = root, mysql_pwd = 15774756186, mysql_db = cloud_disk
[2024-04-29 21:22:32]--[src_cgi/login_cgi.c:161]--redis:[ip=127.0.0.1,port=6379]
[2024-04-29 21:22:32]--[src_cgi/login_cgi.c:185]--tmp = dragon2841735930
[2024-04-29 21:22:32]--[src_cgi/login_cgi.c:201]--base64 = QkS2l2wYhBjDIDip0evtpy0ZxLNK7pNJ
[2024-04-29 21:22:32]--[src_cgi/login_cgi.c:304]--token = f728ca2faa3254c5d45414eaf5b42f29
