[2024-04-29 16:25:44]--[src_cgi/move_cgi.c:31]--mysql:[user=root,pwd=15774756186,database=cloud_disk][2024-04-29 16:26:10]--[src_cgi/move_cgi.c:153]--buf:{
    "folder_id": 1,
    "md5": "73b88aff2c60941284fbfa7a670b1f38",
    "user": "dragon"
}

[2024-04-29 16:26:19]--[src_cgi/move_cgi.c:153]--buf:{
    "folder_id": 0,
    "md5": "73b88aff2c60941284fbfa7a670b1f38",
    "user": "dragon"
}

[2024-04-29 17:45:57]--[src_cgi/move_cgi.c:153]--buf:{
    "folder_id": 0,
    "md5": "3d6afa3bde25b2083c680cc5784fc9f6",
    "user": "dragon"
}

[2024-04-29 20:12:10]--[src_cgi/move_cgi.c:153]--buf:{
    "folder_id": 40,
    "md5": "3d6afa3bde25b2083c680cc5784fc9f6",
    "user": "dragon"
}

[2024-04-29 20:15:20]--[src_cgi/move_cgi.c:153]--buf:{
    "folder_id": 41,
    "md5": "ddbf5e6cd827fe62869a40c1c20e8a16",
    "user": "dragon"
}

